[0.206s] Invoking command in '/home/louis/Documents/Quadruped-Robot/quadruped_ws/build/quadruped_description': CMAKE_PREFIX_PATH=${CMAKE_PREFIX_PATH}:/opt/ros/iron /home/louis/.local/bin/cmake --build /home/louis/Documents/Quadruped-Robot/quadruped_ws/build/quadruped_description -- -j4 -l4
[0.278s] -- Found ament_cmake: 2.0.3 (/opt/ros/iron/share/ament_cmake/cmake)
[0.495s] -- Found ament_lint_auto: 0.14.2 (/opt/ros/iron/share/ament_lint_auto/cmake)
[0.629s] -- Added test 'copyright' to check source files copyright and LICENSE
[0.636s] -- Added test 'flake8' to check Python code syntax and style conventions
[0.636s] -- Configured 'flake8' exclude dirs and/or files: 
[0.637s] -- Added test 'lint_cmake' to check CMake code style
[0.638s] -- Added test 'pep257' to check Python code against some of the docstring style conventions in PEP 257
[0.641s] -- Added test 'xmllint' to check XML markup files
[0.643s] -- Configuring done (0.4s)
[0.653s] -- Generating done (0.0s)
[0.656s] -- Build files have been written to: /home/louis/Documents/Quadruped-Robot/quadruped_ws/build/quadruped_description
[0.682s] [ 16%] Built target quadruped_description_fixed_urdf
[0.683s] [ 33%] Built target quadruped_description_urdf
[0.699s] [100%] Built target quadruped_description_generated
[0.714s] Invoked command in '/home/louis/Documents/Quadruped-Robot/quadruped_ws/build/quadruped_description' returned '0': CMAKE_PREFIX_PATH=${CMAKE_PREFIX_PATH}:/opt/ros/iron /home/louis/.local/bin/cmake --build /home/louis/Documents/Quadruped-Robot/quadruped_ws/build/quadruped_description -- -j4 -l4
[0.862s] Invoking command in '/home/louis/Documents/Quadruped-Robot/quadruped_ws/build/quadruped_description': CMAKE_PREFIX_PATH=${CMAKE_PREFIX_PATH}:/opt/ros/iron /home/louis/.local/bin/cmake --install /home/louis/Documents/Quadruped-Robot/quadruped_ws/build/quadruped_description
[0.911s] -- Install configuration: ""
[0.911s] -- Up-to-date: /home/louis/Documents/Quadruped-Robot/quadruped_ws/install/quadruped_description/share/quadruped_description/urdf
[0.912s] -- Up-to-date: /home/louis/Documents/Quadruped-Robot/quadruped_ws/install/quadruped_description/share/quadruped_description/urdf/inertias.xacro
[0.912s] -- Up-to-date: /home/louis/Documents/Quadruped-Robot/quadruped_ws/install/quadruped_description/share/quadruped_description/urdf/quadruped_fixed.urdf
[0.912s] -- Up-to-date: /home/louis/Documents/Quadruped-Robot/quadruped_ws/install/quadruped_description/share/quadruped_description/urdf/materials.xacro
[0.912s] -- Up-to-date: /home/louis/Documents/Quadruped-Robot/quadruped_ws/install/quadruped_description/share/quadruped_description/urdf/quadruped.xacro
[0.912s] -- Up-to-date: /home/louis/Documents/Quadruped-Robot/quadruped_ws/install/quadruped_description/share/quadruped_description/urdf/gazebo.xacro
[0.913s] -- Up-to-date: /home/louis/Documents/Quadruped-Robot/quadruped_ws/install/quadruped_description/share/quadruped_description/urdf/quadruped.urdf
[0.913s] -- Up-to-date: /home/louis/Documents/Quadruped-Robot/quadruped_ws/install/quadruped_description/share/quadruped_description/simulation
[0.913s] -- Up-to-date: /home/louis/Documents/Quadruped-Robot/quadruped_ws/install/quadruped_description/share/quadruped_description/simulation/models
[0.913s] -- Up-to-date: /home/louis/Documents/Quadruped-Robot/quadruped_ws/install/quadruped_description/share/quadruped_description/simulation/models/quadruped
[0.914s] -- Up-to-date: /home/louis/Documents/Quadruped-Robot/quadruped_ws/install/quadruped_description/share/quadruped_description/simulation/models/quadruped/quadruped.sdf
[0.914s] -- Up-to-date: /home/louis/Documents/Quadruped-Robot/quadruped_ws/install/quadruped_description/share/quadruped_description/simulation/models/quadruped/model.config
[0.914s] -- Up-to-date: /home/louis/Documents/Quadruped-Robot/quadruped_ws/install/quadruped_description/share/quadruped_description/simulation/models/quadruped_fixed
[0.914s] -- Up-to-date: /home/louis/Documents/Quadruped-Robot/quadruped_ws/install/quadruped_description/share/quadruped_description/simulation/models/quadruped_fixed/quadruped_fixed.sdf
[0.914s] -- Up-to-date: /home/louis/Documents/Quadruped-Robot/quadruped_ws/install/quadruped_description/share/quadruped_description/simulation/models/quadruped_fixed/model.config
[0.914s] -- Up-to-date: /home/louis/Documents/Quadruped-Robot/quadruped_ws/install/quadruped_description/share/quadruped_description/simulation/worlds
[0.915s] -- Up-to-date: /home/louis/Documents/Quadruped-Robot/quadruped_ws/install/quadruped_description/share/quadruped_description/simulation/worlds/quadruped_fixed.world
[0.915s] -- Up-to-date: /home/louis/Documents/Quadruped-Robot/quadruped_ws/install/quadruped_description/share/quadruped_description/simulation/worlds/quadruped.world
[0.915s] -- Up-to-date: /home/louis/Documents/Quadruped-Robot/quadruped_ws/install/quadruped_description/share/quadruped_description/launch
[0.915s] -- Installing: /home/louis/Documents/Quadruped-Robot/quadruped_ws/install/quadruped_description/share/quadruped_description/launch/quadruped_simulation.launch.py
[0.915s] -- Up-to-date: /home/louis/Documents/Quadruped-Robot/quadruped_ws/install/quadruped_description/share/quadruped_description/config
[0.915s] -- Installing: /home/louis/Documents/Quadruped-Robot/quadruped_ws/install/quadruped_description/share/quadruped_description/config/quadruped.rviz
[0.915s] -- Up-to-date: /home/louis/Documents/Quadruped-Robot/quadruped_ws/install/quadruped_description/share/ament_index/resource_index/package_run_dependencies/quadruped_description
[0.915s] -- Up-to-date: /home/louis/Documents/Quadruped-Robot/quadruped_ws/install/quadruped_description/share/ament_index/resource_index/parent_prefix_path/quadruped_description
[0.916s] -- Up-to-date: /home/louis/Documents/Quadruped-Robot/quadruped_ws/install/quadruped_description/share/quadruped_description/environment/ament_prefix_path.sh
[0.916s] -- Up-to-date: /home/louis/Documents/Quadruped-Robot/quadruped_ws/install/quadruped_description/share/quadruped_description/environment/ament_prefix_path.dsv
[0.916s] -- Up-to-date: /home/louis/Documents/Quadruped-Robot/quadruped_ws/install/quadruped_description/share/quadruped_description/environment/path.sh
[0.916s] -- Up-to-date: /home/louis/Documents/Quadruped-Robot/quadruped_ws/install/quadruped_description/share/quadruped_description/environment/path.dsv
[0.916s] -- Up-to-date: /home/louis/Documents/Quadruped-Robot/quadruped_ws/install/quadruped_description/share/quadruped_description/local_setup.bash
[0.916s] -- Up-to-date: /home/louis/Documents/Quadruped-Robot/quadruped_ws/install/quadruped_description/share/quadruped_description/local_setup.sh
[0.916s] -- Up-to-date: /home/louis/Documents/Quadruped-Robot/quadruped_ws/install/quadruped_description/share/quadruped_description/local_setup.zsh
[0.916s] -- Up-to-date: /home/louis/Documents/Quadruped-Robot/quadruped_ws/install/quadruped_description/share/quadruped_description/local_setup.dsv
[0.916s] -- Installing: /home/louis/Documents/Quadruped-Robot/quadruped_ws/install/quadruped_description/share/quadruped_description/package.dsv
[0.917s] -- Up-to-date: /home/louis/Documents/Quadruped-Robot/quadruped_ws/install/quadruped_description/share/ament_index/resource_index/packages/quadruped_description
[0.917s] -- Up-to-date: /home/louis/Documents/Quadruped-Robot/quadruped_ws/install/quadruped_description/share/quadruped_description/cmake/quadruped_descriptionConfig.cmake
[0.917s] -- Up-to-date: /home/louis/Documents/Quadruped-Robot/quadruped_ws/install/quadruped_description/share/quadruped_description/cmake/quadruped_descriptionConfig-version.cmake
[0.917s] -- Up-to-date: /home/louis/Documents/Quadruped-Robot/quadruped_ws/install/quadruped_description/share/quadruped_description/package.xml
[0.923s] Invoked command in '/home/louis/Documents/Quadruped-Robot/quadruped_ws/build/quadruped_description' returned '0': CMAKE_PREFIX_PATH=${CMAKE_PREFIX_PATH}:/opt/ros/iron /home/louis/.local/bin/cmake --install /home/louis/Documents/Quadruped-Robot/quadruped_ws/build/quadruped_description
