[2.500s] DEBUG:colcon:Command line arguments: ['/usr/bin/colcon', 'build']
[2.500s] DEBUG:colcon:Parsed command line arguments: Namespace(log_base=None, log_level=None, verb_name='build', build_base='build', install_base='install', merge_install=False, symlink_install=False, test_result_base=None, continue_on_error=False, executor='parallel', parallel_workers=4, event_handlers=None, ignore_user_meta=False, metas=['./colcon.meta'], base_paths=['.'], packages_ignore=None, packages_ignore_regex=None, paths=None, packages_up_to=None, packages_up_to_regex=None, packages_above=None, packages_above_and_dependencies=None, packages_above_depth=None, packages_select_by_dep=None, packages_skip_by_dep=None, packages_skip_up_to=None, packages_select_build_failed=False, packages_skip_build_finished=False, packages_select_test_failures=False, packages_skip_test_passed=False, packages_select=None, packages_skip=None, packages_select_regex=None, packages_skip_regex=None, packages_start=None, packages_end=None, allow_overriding=[], cmake_args=None, cmake_target=None, cmake_target_skip_unavailable=False, cmake_clean_cache=False, cmake_clean_first=False, cmake_force_configure=False, ament_cmake_args=None, catkin_cmake_args=None, catkin_skip_building_tests=False, verb_parser=<colcon_defaults.argument_parser.defaults.DefaultArgumentsDecorator object at 0x7f462e927190>, verb_extension=<colcon_core.verb.build.BuildVerb object at 0x7f462e926bf0>, main=<bound method BuildVerb.main of <colcon_core.verb.build.BuildVerb object at 0x7f462e926bf0>>)
[2.620s] Level 1:colcon.colcon_core.package_discovery:discover_packages(colcon_meta) check parameters
[2.620s] Level 1:colcon.colcon_core.package_discovery:discover_packages(recursive) check parameters
[2.620s] Level 1:colcon.colcon_core.package_discovery:discover_packages(ignore) check parameters
[2.620s] Level 1:colcon.colcon_core.package_discovery:discover_packages(path) check parameters
[2.620s] Level 1:colcon.colcon_core.package_discovery:discover_packages(colcon_meta) discover
[2.620s] Level 1:colcon.colcon_core.package_discovery:discover_packages(recursive) discover
[2.620s] INFO:colcon.colcon_core.package_discovery:Crawling recursively for packages in '/home/louis/Documents/Quadruped-Robot/quadruped_ws'
[2.620s] Level 1:colcon.colcon_core.package_identification:_identify(.) by extensions ['ignore', 'ignore_ament_install']
[2.621s] Level 1:colcon.colcon_core.package_identification:_identify(.) by extension 'ignore'
[2.621s] Level 1:colcon.colcon_core.package_identification:_identify(.) by extension 'ignore_ament_install'
[2.621s] Level 1:colcon.colcon_core.package_identification:_identify(.) by extensions ['colcon_pkg']
[2.621s] Level 1:colcon.colcon_core.package_identification:_identify(.) by extension 'colcon_pkg'
[2.621s] Level 1:colcon.colcon_core.package_identification:_identify(.) by extensions ['colcon_meta']
[2.621s] Level 1:colcon.colcon_core.package_identification:_identify(.) by extension 'colcon_meta'
[2.621s] Level 1:colcon.colcon_core.package_identification:_identify(.) by extensions ['ros']
[2.621s] Level 1:colcon.colcon_core.package_identification:_identify(.) by extension 'ros'
[2.649s] Level 1:colcon.colcon_core.package_identification:_identify(.) by extensions ['cmake', 'python']
[2.649s] Level 1:colcon.colcon_core.package_identification:_identify(.) by extension 'cmake'
[2.650s] Level 1:colcon.colcon_core.package_identification:_identify(.) by extension 'python'
[2.650s] Level 1:colcon.colcon_core.package_identification:_identify(.) by extensions ['python_setup_py']
[2.650s] Level 1:colcon.colcon_core.package_identification:_identify(.) by extension 'python_setup_py'
[2.650s] Level 1:colcon.colcon_core.package_identification:_identify(build) by extensions ['ignore', 'ignore_ament_install']
[2.650s] Level 1:colcon.colcon_core.package_identification:_identify(build) by extension 'ignore'
[2.650s] Level 1:colcon.colcon_core.package_identification:_identify(build) ignored
[2.651s] Level 1:colcon.colcon_core.package_identification:_identify(install) by extensions ['ignore', 'ignore_ament_install']
[2.651s] Level 1:colcon.colcon_core.package_identification:_identify(install) by extension 'ignore'
[2.651s] Level 1:colcon.colcon_core.package_identification:_identify(install) ignored
[2.651s] Level 1:colcon.colcon_core.package_identification:_identify(log) by extensions ['ignore', 'ignore_ament_install']
[2.651s] Level 1:colcon.colcon_core.package_identification:_identify(log) by extension 'ignore'
[2.651s] Level 1:colcon.colcon_core.package_identification:_identify(log) ignored
[2.651s] Level 1:colcon.colcon_core.package_identification:_identify(src) by extensions ['ignore', 'ignore_ament_install']
[2.652s] Level 1:colcon.colcon_core.package_identification:_identify(src) by extension 'ignore'
[2.652s] Level 1:colcon.colcon_core.package_identification:_identify(src) by extension 'ignore_ament_install'
[2.652s] Level 1:colcon.colcon_core.package_identification:_identify(src) by extensions ['colcon_pkg']
[2.652s] Level 1:colcon.colcon_core.package_identification:_identify(src) by extension 'colcon_pkg'
[2.652s] Level 1:colcon.colcon_core.package_identification:_identify(src) by extensions ['colcon_meta']
[2.652s] Level 1:colcon.colcon_core.package_identification:_identify(src) by extension 'colcon_meta'
[2.652s] Level 1:colcon.colcon_core.package_identification:_identify(src) by extensions ['ros']
[2.652s] Level 1:colcon.colcon_core.package_identification:_identify(src) by extension 'ros'
[2.652s] Level 1:colcon.colcon_core.package_identification:_identify(src) by extensions ['cmake', 'python']
[2.652s] Level 1:colcon.colcon_core.package_identification:_identify(src) by extension 'cmake'
[2.653s] Level 1:colcon.colcon_core.package_identification:_identify(src) by extension 'python'
[2.653s] Level 1:colcon.colcon_core.package_identification:_identify(src) by extensions ['python_setup_py']
[2.653s] Level 1:colcon.colcon_core.package_identification:_identify(src) by extension 'python_setup_py'
[2.653s] Level 1:colcon.colcon_core.package_identification:_identify(src/quadruped_description) by extensions ['ignore', 'ignore_ament_install']
[2.653s] Level 1:colcon.colcon_core.package_identification:_identify(src/quadruped_description) by extension 'ignore'
[2.653s] Level 1:colcon.colcon_core.package_identification:_identify(src/quadruped_description) by extension 'ignore_ament_install'
[2.653s] Level 1:colcon.colcon_core.package_identification:_identify(src/quadruped_description) by extensions ['colcon_pkg']
[2.653s] Level 1:colcon.colcon_core.package_identification:_identify(src/quadruped_description) by extension 'colcon_pkg'
[2.653s] Level 1:colcon.colcon_core.package_identification:_identify(src/quadruped_description) by extensions ['colcon_meta']
[2.653s] Level 1:colcon.colcon_core.package_identification:_identify(src/quadruped_description) by extension 'colcon_meta'
[2.654s] Level 1:colcon.colcon_core.package_identification:_identify(src/quadruped_description) by extensions ['ros']
[2.654s] Level 1:colcon.colcon_core.package_identification:_identify(src/quadruped_description) by extension 'ros'
[2.658s] DEBUG:colcon.colcon_core.package_identification:Package 'src/quadruped_description' with type 'ros.ament_cmake' and name 'quadruped_description'
[2.658s] Level 1:colcon.colcon_core.package_discovery:discover_packages(recursive) using defaults
[2.658s] Level 1:colcon.colcon_core.package_discovery:discover_packages(ignore) discover
[2.658s] Level 1:colcon.colcon_core.package_discovery:discover_packages(ignore) using defaults
[2.658s] Level 1:colcon.colcon_core.package_discovery:discover_packages(path) discover
[2.658s] Level 1:colcon.colcon_core.package_discovery:discover_packages(path) using defaults
[2.866s] Level 1:colcon.colcon_core.package_discovery:discover_packages(prefix_path) check parameters
[2.866s] Level 1:colcon.colcon_core.package_discovery:discover_packages(prefix_path) discover
[2.941s] DEBUG:colcon.colcon_installed_package_information.package_discovery:Found 1 installed packages in /home/louis/Documents/Quadruped-Robot/quadruped_ws/install
[2.979s] DEBUG:colcon.colcon_installed_package_information.package_discovery:Found 303 installed packages in /opt/ros/iron
[2.982s] Level 1:colcon.colcon_core.package_discovery:discover_packages(prefix_path) using defaults
[3.140s] Level 5:colcon.colcon_core.verb:set package 'quadruped_description' build argument 'cmake_args' from command line to 'None'
[3.140s] Level 5:colcon.colcon_core.verb:set package 'quadruped_description' build argument 'cmake_target' from command line to 'None'
[3.140s] Level 5:colcon.colcon_core.verb:set package 'quadruped_description' build argument 'cmake_target_skip_unavailable' from command line to 'False'
[3.140s] Level 5:colcon.colcon_core.verb:set package 'quadruped_description' build argument 'cmake_clean_cache' from command line to 'False'
[3.141s] Level 5:colcon.colcon_core.verb:set package 'quadruped_description' build argument 'cmake_clean_first' from command line to 'False'
[3.141s] Level 5:colcon.colcon_core.verb:set package 'quadruped_description' build argument 'cmake_force_configure' from command line to 'False'
[3.141s] Level 5:colcon.colcon_core.verb:set package 'quadruped_description' build argument 'ament_cmake_args' from command line to 'None'
[3.141s] Level 5:colcon.colcon_core.verb:set package 'quadruped_description' build argument 'catkin_cmake_args' from command line to 'None'
[3.141s] Level 5:colcon.colcon_core.verb:set package 'quadruped_description' build argument 'catkin_skip_building_tests' from command line to 'False'
[3.141s] DEBUG:colcon.colcon_core.verb:Building package 'quadruped_description' with the following arguments: {'ament_cmake_args': None, 'build_base': '/home/louis/Documents/Quadruped-Robot/quadruped_ws/build/quadruped_description', 'catkin_cmake_args': None, 'catkin_skip_building_tests': False, 'cmake_args': None, 'cmake_clean_cache': False, 'cmake_clean_first': False, 'cmake_force_configure': False, 'cmake_target': None, 'cmake_target_skip_unavailable': False, 'install_base': '/home/louis/Documents/Quadruped-Robot/quadruped_ws/install/quadruped_description', 'merge_install': False, 'path': '/home/louis/Documents/Quadruped-Robot/quadruped_ws/src/quadruped_description', 'symlink_install': False, 'test_result_base': None}
[3.175s] INFO:colcon.colcon_core.executor:Executing jobs using 'parallel' executor
[3.211s] DEBUG:colcon.colcon_parallel_executor.executor.parallel:run_until_complete
[3.211s] INFO:colcon.colcon_ros.task.ament_cmake.build:Building ROS package in '/home/louis/Documents/Quadruped-Robot/quadruped_ws/src/quadruped_description' with build type 'ament_cmake'
[3.212s] INFO:colcon.colcon_cmake.task.cmake.build:Building CMake package in '/home/louis/Documents/Quadruped-Robot/quadruped_ws/src/quadruped_description'
[3.273s] INFO:colcon.colcon_core.plugin_system:Skipping extension 'colcon_core.shell.bat': Not used on non-Windows systems
[3.273s] INFO:colcon.colcon_core.shell:Skip shell extension 'powershell' for command environment: Not usable outside of PowerShell
[3.273s] DEBUG:colcon.colcon_core.shell:Skip shell extension 'dsv' for command environment
[3.419s] DEBUG:colcon.colcon_core.event_handler.log_command:Invoking command in '/home/louis/Documents/Quadruped-Robot/quadruped_ws/build/quadruped_description': CMAKE_PREFIX_PATH=${CMAKE_PREFIX_PATH}:/opt/ros/iron /home/louis/.local/bin/cmake --build /home/louis/Documents/Quadruped-Robot/quadruped_ws/build/quadruped_description -- -j4 -l4
[3.927s] DEBUG:colcon.colcon_core.event_handler.log_command:Invoked command in '/home/louis/Documents/Quadruped-Robot/quadruped_ws/build/quadruped_description' returned '0': CMAKE_PREFIX_PATH=${CMAKE_PREFIX_PATH}:/opt/ros/iron /home/louis/.local/bin/cmake --build /home/louis/Documents/Quadruped-Robot/quadruped_ws/build/quadruped_description -- -j4 -l4
[4.074s] DEBUG:colcon.colcon_core.event_handler.log_command:Invoking command in '/home/louis/Documents/Quadruped-Robot/quadruped_ws/build/quadruped_description': CMAKE_PREFIX_PATH=${CMAKE_PREFIX_PATH}:/opt/ros/iron /home/louis/.local/bin/cmake --install /home/louis/Documents/Quadruped-Robot/quadruped_ws/build/quadruped_description
[4.135s] Level 1:colcon.colcon_core.environment:create_environment_scripts_only(quadruped_description)
[4.135s] DEBUG:colcon.colcon_core.event_handler.log_command:Invoked command in '/home/louis/Documents/Quadruped-Robot/quadruped_ws/build/quadruped_description' returned '0': CMAKE_PREFIX_PATH=${CMAKE_PREFIX_PATH}:/opt/ros/iron /home/louis/.local/bin/cmake --install /home/louis/Documents/Quadruped-Robot/quadruped_ws/build/quadruped_description
[4.174s] Level 1:colcon.colcon_core.environment:checking '/home/louis/Documents/Quadruped-Robot/quadruped_ws/install/quadruped_description' for CMake module files
[4.175s] Level 1:colcon.colcon_core.environment:checking '/home/louis/Documents/Quadruped-Robot/quadruped_ws/install/quadruped_description' for CMake config files
[4.176s] Level 1:colcon.colcon_core.shell:create_environment_hook('quadruped_description', 'cmake_prefix_path')
[4.209s] INFO:colcon.colcon_core.shell:Creating environment hook '/home/louis/Documents/Quadruped-Robot/quadruped_ws/install/quadruped_description/share/quadruped_description/hook/cmake_prefix_path.ps1'
[4.210s] INFO:colcon.colcon_core.shell:Creating environment descriptor '/home/louis/Documents/Quadruped-Robot/quadruped_ws/install/quadruped_description/share/quadruped_description/hook/cmake_prefix_path.dsv'
[4.211s] INFO:colcon.colcon_core.shell:Creating environment hook '/home/louis/Documents/Quadruped-Robot/quadruped_ws/install/quadruped_description/share/quadruped_description/hook/cmake_prefix_path.sh'
[4.213s] Level 1:colcon.colcon_core.environment:checking '/home/louis/Documents/Quadruped-Robot/quadruped_ws/install/quadruped_description/bin'
[4.213s] Level 1:colcon.colcon_core.environment:checking '/home/louis/Documents/Quadruped-Robot/quadruped_ws/install/quadruped_description/lib/pkgconfig/quadruped_description.pc'
[4.213s] Level 1:colcon.colcon_core.environment:checking '/home/louis/Documents/Quadruped-Robot/quadruped_ws/install/quadruped_description/lib/python3.10/site-packages'
[4.214s] Level 1:colcon.colcon_core.environment:checking '/home/louis/Documents/Quadruped-Robot/quadruped_ws/install/quadruped_description/bin'
[4.249s] INFO:colcon.colcon_core.shell:Creating package script '/home/louis/Documents/Quadruped-Robot/quadruped_ws/install/quadruped_description/share/quadruped_description/package.ps1'
[4.250s] INFO:colcon.colcon_core.shell:Creating package descriptor '/home/louis/Documents/Quadruped-Robot/quadruped_ws/install/quadruped_description/share/quadruped_description/package.dsv'
[4.251s] INFO:colcon.colcon_core.shell:Creating package script '/home/louis/Documents/Quadruped-Robot/quadruped_ws/install/quadruped_description/share/quadruped_description/package.sh'
[4.253s] INFO:colcon.colcon_core.shell:Creating package script '/home/louis/Documents/Quadruped-Robot/quadruped_ws/install/quadruped_description/share/quadruped_description/package.bash'
[4.254s] INFO:colcon.colcon_core.shell:Creating package script '/home/louis/Documents/Quadruped-Robot/quadruped_ws/install/quadruped_description/share/quadruped_description/package.zsh'
[4.255s] Level 1:colcon.colcon_core.environment:create_file_with_runtime_dependencies(/home/louis/Documents/Quadruped-Robot/quadruped_ws/install/quadruped_description/share/colcon-core/packages/quadruped_description)
[4.377s] Level 1:colcon.colcon_core.environment:create_environment_scripts_only(quadruped_description)
[4.410s] Level 1:colcon.colcon_core.environment:checking '/home/louis/Documents/Quadruped-Robot/quadruped_ws/install/quadruped_description' for CMake module files
[4.411s] Level 1:colcon.colcon_core.environment:checking '/home/louis/Documents/Quadruped-Robot/quadruped_ws/install/quadruped_description' for CMake config files
[4.412s] Level 1:colcon.colcon_core.shell:create_environment_hook('quadruped_description', 'cmake_prefix_path')
[4.447s] INFO:colcon.colcon_core.shell:Creating environment hook '/home/louis/Documents/Quadruped-Robot/quadruped_ws/install/quadruped_description/share/quadruped_description/hook/cmake_prefix_path.ps1'
[4.448s] INFO:colcon.colcon_core.shell:Creating environment descriptor '/home/louis/Documents/Quadruped-Robot/quadruped_ws/install/quadruped_description/share/quadruped_description/hook/cmake_prefix_path.dsv'
[4.448s] INFO:colcon.colcon_core.shell:Creating environment hook '/home/louis/Documents/Quadruped-Robot/quadruped_ws/install/quadruped_description/share/quadruped_description/hook/cmake_prefix_path.sh'
[4.449s] Level 1:colcon.colcon_core.environment:checking '/home/louis/Documents/Quadruped-Robot/quadruped_ws/install/quadruped_description/bin'
[4.449s] Level 1:colcon.colcon_core.environment:checking '/home/louis/Documents/Quadruped-Robot/quadruped_ws/install/quadruped_description/lib/pkgconfig/quadruped_description.pc'
[4.450s] Level 1:colcon.colcon_core.environment:checking '/home/louis/Documents/Quadruped-Robot/quadruped_ws/install/quadruped_description/lib/python3.10/site-packages'
[4.450s] Level 1:colcon.colcon_core.environment:checking '/home/louis/Documents/Quadruped-Robot/quadruped_ws/install/quadruped_description/bin'
[4.485s] INFO:colcon.colcon_core.shell:Creating package script '/home/louis/Documents/Quadruped-Robot/quadruped_ws/install/quadruped_description/share/quadruped_description/package.ps1'
[4.486s] INFO:colcon.colcon_core.shell:Creating package descriptor '/home/louis/Documents/Quadruped-Robot/quadruped_ws/install/quadruped_description/share/quadruped_description/package.dsv'
[4.488s] INFO:colcon.colcon_core.shell:Creating package script '/home/louis/Documents/Quadruped-Robot/quadruped_ws/install/quadruped_description/share/quadruped_description/package.sh'
[4.489s] INFO:colcon.colcon_core.shell:Creating package script '/home/louis/Documents/Quadruped-Robot/quadruped_ws/install/quadruped_description/share/quadruped_description/package.bash'
[4.490s] INFO:colcon.colcon_core.shell:Creating package script '/home/louis/Documents/Quadruped-Robot/quadruped_ws/install/quadruped_description/share/quadruped_description/package.zsh'
[4.491s] Level 1:colcon.colcon_core.environment:create_file_with_runtime_dependencies(/home/louis/Documents/Quadruped-Robot/quadruped_ws/install/quadruped_description/share/colcon-core/packages/quadruped_description)
[4.492s] DEBUG:colcon.colcon_parallel_executor.executor.parallel:closing loop
[4.492s] DEBUG:colcon.colcon_parallel_executor.executor.parallel:loop closed
[4.493s] DEBUG:colcon.colcon_parallel_executor.executor.parallel:run_until_complete finished with '0'
[4.493s] DEBUG:colcon.colcon_core.event_reactor:joining thread
[4.545s] INFO:colcon.colcon_core.plugin_system:Skipping extension 'colcon_notification.desktop_notification.terminal_notifier': Not used on non-Darwin systems
[4.545s] INFO:colcon.colcon_core.plugin_system:Skipping extension 'colcon_notification.desktop_notification.win32': Not used on non-Windows systems
[4.545s] INFO:colcon.colcon_notification.desktop_notification:Sending desktop notification using 'notify2'
[4.568s] DEBUG:colcon.colcon_core.event_reactor:joined thread
[4.615s] INFO:colcon.colcon_core.shell:Creating prefix script '/home/louis/Documents/Quadruped-Robot/quadruped_ws/install/local_setup.ps1'
[4.616s] INFO:colcon.colcon_core.shell:Creating prefix util module '/home/louis/Documents/Quadruped-Robot/quadruped_ws/install/_local_setup_util_ps1.py'
[4.619s] INFO:colcon.colcon_core.shell:Creating prefix chain script '/home/louis/Documents/Quadruped-Robot/quadruped_ws/install/setup.ps1'
[4.656s] INFO:colcon.colcon_core.shell:Creating prefix script '/home/louis/Documents/Quadruped-Robot/quadruped_ws/install/local_setup.sh'
[4.657s] INFO:colcon.colcon_core.shell:Creating prefix util module '/home/louis/Documents/Quadruped-Robot/quadruped_ws/install/_local_setup_util_sh.py'
[4.659s] INFO:colcon.colcon_core.shell:Creating prefix chain script '/home/louis/Documents/Quadruped-Robot/quadruped_ws/install/setup.sh'
[4.697s] INFO:colcon.colcon_core.shell:Creating prefix script '/home/louis/Documents/Quadruped-Robot/quadruped_ws/install/local_setup.bash'
[4.698s] INFO:colcon.colcon_core.shell:Creating prefix chain script '/home/louis/Documents/Quadruped-Robot/quadruped_ws/install/setup.bash'
[4.735s] INFO:colcon.colcon_core.shell:Creating prefix script '/home/louis/Documents/Quadruped-Robot/quadruped_ws/install/local_setup.zsh'
[4.737s] INFO:colcon.colcon_core.shell:Creating prefix chain script '/home/louis/Documents/Quadruped-Robot/quadruped_ws/install/setup.zsh'
