[2.173s] DEBUG:colcon:Command line arguments: ['/usr/bin/colcon', 'build']
[2.173s] DEBUG:colcon:Parsed command line arguments: Namespace(log_base=None, log_level=None, verb_name='build', build_base='build', install_base='install', merge_install=False, symlink_install=False, test_result_base=None, continue_on_error=False, executor='parallel', parallel_workers=4, event_handlers=None, ignore_user_meta=False, metas=['./colcon.meta'], base_paths=['.'], packages_ignore=None, packages_ignore_regex=None, paths=None, packages_up_to=None, packages_up_to_regex=None, packages_above=None, packages_above_and_dependencies=None, packages_above_depth=None, packages_select_by_dep=None, packages_skip_by_dep=None, packages_skip_up_to=None, packages_select_build_failed=False, packages_skip_build_finished=False, packages_select_test_failures=False, packages_skip_test_passed=False, packages_select=None, packages_skip=None, packages_select_regex=None, packages_skip_regex=None, packages_start=None, packages_end=None, allow_overriding=[], cmake_args=None, cmake_target=None, cmake_target_skip_unavailable=False, cmake_clean_cache=False, cmake_clean_first=False, cmake_force_configure=False, ament_cmake_args=None, catkin_cmake_args=None, catkin_skip_building_tests=False, verb_parser=<colcon_defaults.argument_parser.defaults.DefaultArgumentsDecorator object at 0x7f47bab330a0>, verb_extension=<colcon_core.verb.build.BuildVerb object at 0x7f47bab32b00>, main=<bound method BuildVerb.main of <colcon_core.verb.build.BuildVerb object at 0x7f47bab32b00>>)
[2.292s] Level 1:colcon.colcon_core.package_discovery:discover_packages(colcon_meta) check parameters
[2.292s] Level 1:colcon.colcon_core.package_discovery:discover_packages(recursive) check parameters
[2.292s] Level 1:colcon.colcon_core.package_discovery:discover_packages(ignore) check parameters
[2.292s] Level 1:colcon.colcon_core.package_discovery:discover_packages(path) check parameters
[2.292s] Level 1:colcon.colcon_core.package_discovery:discover_packages(colcon_meta) discover
[2.292s] Level 1:colcon.colcon_core.package_discovery:discover_packages(recursive) discover
[2.292s] INFO:colcon.colcon_core.package_discovery:Crawling recursively for packages in '/home/louis/Documents/Quadruped-Robot/quadruped_ws'
[2.292s] Level 1:colcon.colcon_core.package_identification:_identify(.) by extensions ['ignore', 'ignore_ament_install']
[2.293s] Level 1:colcon.colcon_core.package_identification:_identify(.) by extension 'ignore'
[2.293s] Level 1:colcon.colcon_core.package_identification:_identify(.) by extension 'ignore_ament_install'
[2.293s] Level 1:colcon.colcon_core.package_identification:_identify(.) by extensions ['colcon_pkg']
[2.293s] Level 1:colcon.colcon_core.package_identification:_identify(.) by extension 'colcon_pkg'
[2.293s] Level 1:colcon.colcon_core.package_identification:_identify(.) by extensions ['colcon_meta']
[2.293s] Level 1:colcon.colcon_core.package_identification:_identify(.) by extension 'colcon_meta'
[2.293s] Level 1:colcon.colcon_core.package_identification:_identify(.) by extensions ['ros']
[2.293s] Level 1:colcon.colcon_core.package_identification:_identify(.) by extension 'ros'
[2.321s] Level 1:colcon.colcon_core.package_identification:_identify(.) by extensions ['cmake', 'python']
[2.322s] Level 1:colcon.colcon_core.package_identification:_identify(.) by extension 'cmake'
[2.322s] Level 1:colcon.colcon_core.package_identification:_identify(.) by extension 'python'
[2.322s] Level 1:colcon.colcon_core.package_identification:_identify(.) by extensions ['python_setup_py']
[2.322s] Level 1:colcon.colcon_core.package_identification:_identify(.) by extension 'python_setup_py'
[2.322s] Level 1:colcon.colcon_core.package_identification:_identify(build) by extensions ['ignore', 'ignore_ament_install']
[2.322s] Level 1:colcon.colcon_core.package_identification:_identify(build) by extension 'ignore'
[2.323s] Level 1:colcon.colcon_core.package_identification:_identify(build) ignored
[2.323s] Level 1:colcon.colcon_core.package_identification:_identify(install) by extensions ['ignore', 'ignore_ament_install']
[2.323s] Level 1:colcon.colcon_core.package_identification:_identify(install) by extension 'ignore'
[2.323s] Level 1:colcon.colcon_core.package_identification:_identify(install) ignored
[2.323s] Level 1:colcon.colcon_core.package_identification:_identify(log) by extensions ['ignore', 'ignore_ament_install']
[2.324s] Level 1:colcon.colcon_core.package_identification:_identify(log) by extension 'ignore'
[2.324s] Level 1:colcon.colcon_core.package_identification:_identify(log) ignored
[2.324s] Level 1:colcon.colcon_core.package_identification:_identify(src) by extensions ['ignore', 'ignore_ament_install']
[2.324s] Level 1:colcon.colcon_core.package_identification:_identify(src) by extension 'ignore'
[2.324s] Level 1:colcon.colcon_core.package_identification:_identify(src) by extension 'ignore_ament_install'
[2.324s] Level 1:colcon.colcon_core.package_identification:_identify(src) by extensions ['colcon_pkg']
[2.324s] Level 1:colcon.colcon_core.package_identification:_identify(src) by extension 'colcon_pkg'
[2.324s] Level 1:colcon.colcon_core.package_identification:_identify(src) by extensions ['colcon_meta']
[2.324s] Level 1:colcon.colcon_core.package_identification:_identify(src) by extension 'colcon_meta'
[2.325s] Level 1:colcon.colcon_core.package_identification:_identify(src) by extensions ['ros']
[2.325s] Level 1:colcon.colcon_core.package_identification:_identify(src) by extension 'ros'
[2.325s] Level 1:colcon.colcon_core.package_identification:_identify(src) by extensions ['cmake', 'python']
[2.325s] Level 1:colcon.colcon_core.package_identification:_identify(src) by extension 'cmake'
[2.325s] Level 1:colcon.colcon_core.package_identification:_identify(src) by extension 'python'
[2.325s] Level 1:colcon.colcon_core.package_identification:_identify(src) by extensions ['python_setup_py']
[2.325s] Level 1:colcon.colcon_core.package_identification:_identify(src) by extension 'python_setup_py'
[2.325s] Level 1:colcon.colcon_core.package_identification:_identify(src/quadruped_description) by extensions ['ignore', 'ignore_ament_install']
[2.325s] Level 1:colcon.colcon_core.package_identification:_identify(src/quadruped_description) by extension 'ignore'
[2.325s] Level 1:colcon.colcon_core.package_identification:_identify(src/quadruped_description) by extension 'ignore_ament_install'
[2.326s] Level 1:colcon.colcon_core.package_identification:_identify(src/quadruped_description) by extensions ['colcon_pkg']
[2.326s] Level 1:colcon.colcon_core.package_identification:_identify(src/quadruped_description) by extension 'colcon_pkg'
[2.326s] Level 1:colcon.colcon_core.package_identification:_identify(src/quadruped_description) by extensions ['colcon_meta']
[2.326s] Level 1:colcon.colcon_core.package_identification:_identify(src/quadruped_description) by extension 'colcon_meta'
[2.326s] Level 1:colcon.colcon_core.package_identification:_identify(src/quadruped_description) by extensions ['ros']
[2.326s] Level 1:colcon.colcon_core.package_identification:_identify(src/quadruped_description) by extension 'ros'
[2.330s] DEBUG:colcon.colcon_core.package_identification:Package 'src/quadruped_description' with type 'ros.ament_cmake' and name 'quadruped_description'
[2.330s] Level 1:colcon.colcon_core.package_discovery:discover_packages(recursive) using defaults
[2.330s] Level 1:colcon.colcon_core.package_discovery:discover_packages(ignore) discover
[2.330s] Level 1:colcon.colcon_core.package_discovery:discover_packages(ignore) using defaults
[2.330s] Level 1:colcon.colcon_core.package_discovery:discover_packages(path) discover
[2.331s] Level 1:colcon.colcon_core.package_discovery:discover_packages(path) using defaults
[2.530s] Level 1:colcon.colcon_core.package_discovery:discover_packages(prefix_path) check parameters
[2.530s] Level 1:colcon.colcon_core.package_discovery:discover_packages(prefix_path) discover
[2.599s] DEBUG:colcon.colcon_installed_package_information.package_discovery:Found 1 installed packages in /home/louis/Documents/Quadruped-Robot/quadruped_ws/install
[2.633s] DEBUG:colcon.colcon_installed_package_information.package_discovery:Found 303 installed packages in /opt/ros/iron
[2.636s] Level 1:colcon.colcon_core.package_discovery:discover_packages(prefix_path) using defaults
[2.787s] Level 5:colcon.colcon_core.verb:set package 'quadruped_description' build argument 'cmake_args' from command line to 'None'
[2.787s] Level 5:colcon.colcon_core.verb:set package 'quadruped_description' build argument 'cmake_target' from command line to 'None'
[2.787s] Level 5:colcon.colcon_core.verb:set package 'quadruped_description' build argument 'cmake_target_skip_unavailable' from command line to 'False'
[2.787s] Level 5:colcon.colcon_core.verb:set package 'quadruped_description' build argument 'cmake_clean_cache' from command line to 'False'
[2.787s] Level 5:colcon.colcon_core.verb:set package 'quadruped_description' build argument 'cmake_clean_first' from command line to 'False'
[2.787s] Level 5:colcon.colcon_core.verb:set package 'quadruped_description' build argument 'cmake_force_configure' from command line to 'False'
[2.788s] Level 5:colcon.colcon_core.verb:set package 'quadruped_description' build argument 'ament_cmake_args' from command line to 'None'
[2.788s] Level 5:colcon.colcon_core.verb:set package 'quadruped_description' build argument 'catkin_cmake_args' from command line to 'None'
[2.788s] Level 5:colcon.colcon_core.verb:set package 'quadruped_description' build argument 'catkin_skip_building_tests' from command line to 'False'
[2.788s] DEBUG:colcon.colcon_core.verb:Building package 'quadruped_description' with the following arguments: {'ament_cmake_args': None, 'build_base': '/home/louis/Documents/Quadruped-Robot/quadruped_ws/build/quadruped_description', 'catkin_cmake_args': None, 'catkin_skip_building_tests': False, 'cmake_args': None, 'cmake_clean_cache': False, 'cmake_clean_first': False, 'cmake_force_configure': False, 'cmake_target': None, 'cmake_target_skip_unavailable': False, 'install_base': '/home/louis/Documents/Quadruped-Robot/quadruped_ws/install/quadruped_description', 'merge_install': False, 'path': '/home/louis/Documents/Quadruped-Robot/quadruped_ws/src/quadruped_description', 'symlink_install': False, 'test_result_base': None}
[2.820s] INFO:colcon.colcon_core.executor:Executing jobs using 'parallel' executor
[2.855s] DEBUG:colcon.colcon_parallel_executor.executor.parallel:run_until_complete
[2.855s] INFO:colcon.colcon_ros.task.ament_cmake.build:Building ROS package in '/home/louis/Documents/Quadruped-Robot/quadruped_ws/src/quadruped_description' with build type 'ament_cmake'
[2.855s] INFO:colcon.colcon_cmake.task.cmake.build:Building CMake package in '/home/louis/Documents/Quadruped-Robot/quadruped_ws/src/quadruped_description'
[2.914s] INFO:colcon.colcon_core.plugin_system:Skipping extension 'colcon_core.shell.bat': Not used on non-Windows systems
[2.914s] INFO:colcon.colcon_core.shell:Skip shell extension 'powershell' for command environment: Not usable outside of PowerShell
[2.914s] DEBUG:colcon.colcon_core.shell:Skip shell extension 'dsv' for command environment
[3.039s] DEBUG:colcon.colcon_core.event_handler.log_command:Invoking command in '/home/louis/Documents/Quadruped-Robot/quadruped_ws/build/quadruped_description': CMAKE_PREFIX_PATH=${CMAKE_PREFIX_PATH}:/opt/ros/iron /home/louis/.local/bin/cmake --build /home/louis/Documents/Quadruped-Robot/quadruped_ws/build/quadruped_description -- -j4 -l4
[3.151s] DEBUG:colcon.colcon_core.event_handler.log_command:Invoked command in '/home/louis/Documents/Quadruped-Robot/quadruped_ws/build/quadruped_description' returned '0': CMAKE_PREFIX_PATH=${CMAKE_PREFIX_PATH}:/opt/ros/iron /home/louis/.local/bin/cmake --build /home/louis/Documents/Quadruped-Robot/quadruped_ws/build/quadruped_description -- -j4 -l4
[3.298s] DEBUG:colcon.colcon_core.event_handler.log_command:Invoking command in '/home/louis/Documents/Quadruped-Robot/quadruped_ws/build/quadruped_description': CMAKE_PREFIX_PATH=${CMAKE_PREFIX_PATH}:/opt/ros/iron /home/louis/.local/bin/cmake --install /home/louis/Documents/Quadruped-Robot/quadruped_ws/build/quadruped_description
[3.358s] Level 1:colcon.colcon_core.environment:create_environment_scripts_only(quadruped_description)
[3.359s] DEBUG:colcon.colcon_core.event_handler.log_command:Invoked command in '/home/louis/Documents/Quadruped-Robot/quadruped_ws/build/quadruped_description' returned '0': CMAKE_PREFIX_PATH=${CMAKE_PREFIX_PATH}:/opt/ros/iron /home/louis/.local/bin/cmake --install /home/louis/Documents/Quadruped-Robot/quadruped_ws/build/quadruped_description
[3.398s] Level 1:colcon.colcon_core.environment:checking '/home/louis/Documents/Quadruped-Robot/quadruped_ws/install/quadruped_description' for CMake module files
[3.399s] Level 1:colcon.colcon_core.environment:checking '/home/louis/Documents/Quadruped-Robot/quadruped_ws/install/quadruped_description' for CMake config files
[3.400s] Level 1:colcon.colcon_core.shell:create_environment_hook('quadruped_description', 'cmake_prefix_path')
[3.433s] INFO:colcon.colcon_core.shell:Creating environment hook '/home/louis/Documents/Quadruped-Robot/quadruped_ws/install/quadruped_description/share/quadruped_description/hook/cmake_prefix_path.ps1'
[3.434s] INFO:colcon.colcon_core.shell:Creating environment descriptor '/home/louis/Documents/Quadruped-Robot/quadruped_ws/install/quadruped_description/share/quadruped_description/hook/cmake_prefix_path.dsv'
[3.435s] INFO:colcon.colcon_core.shell:Creating environment hook '/home/louis/Documents/Quadruped-Robot/quadruped_ws/install/quadruped_description/share/quadruped_description/hook/cmake_prefix_path.sh'
[3.437s] Level 1:colcon.colcon_core.environment:checking '/home/louis/Documents/Quadruped-Robot/quadruped_ws/install/quadruped_description/bin'
[3.437s] Level 1:colcon.colcon_core.environment:checking '/home/louis/Documents/Quadruped-Robot/quadruped_ws/install/quadruped_description/lib/pkgconfig/quadruped_description.pc'
[3.437s] Level 1:colcon.colcon_core.environment:checking '/home/louis/Documents/Quadruped-Robot/quadruped_ws/install/quadruped_description/lib/python3.10/site-packages'
[3.438s] Level 1:colcon.colcon_core.environment:checking '/home/louis/Documents/Quadruped-Robot/quadruped_ws/install/quadruped_description/bin'
[3.471s] INFO:colcon.colcon_core.shell:Creating package script '/home/louis/Documents/Quadruped-Robot/quadruped_ws/install/quadruped_description/share/quadruped_description/package.ps1'
[3.473s] INFO:colcon.colcon_core.shell:Creating package descriptor '/home/louis/Documents/Quadruped-Robot/quadruped_ws/install/quadruped_description/share/quadruped_description/package.dsv'
[3.474s] INFO:colcon.colcon_core.shell:Creating package script '/home/louis/Documents/Quadruped-Robot/quadruped_ws/install/quadruped_description/share/quadruped_description/package.sh'
[3.475s] INFO:colcon.colcon_core.shell:Creating package script '/home/louis/Documents/Quadruped-Robot/quadruped_ws/install/quadruped_description/share/quadruped_description/package.bash'
[3.476s] INFO:colcon.colcon_core.shell:Creating package script '/home/louis/Documents/Quadruped-Robot/quadruped_ws/install/quadruped_description/share/quadruped_description/package.zsh'
[3.478s] Level 1:colcon.colcon_core.environment:create_file_with_runtime_dependencies(/home/louis/Documents/Quadruped-Robot/quadruped_ws/install/quadruped_description/share/colcon-core/packages/quadruped_description)
[3.601s] Level 1:colcon.colcon_core.environment:create_environment_scripts_only(quadruped_description)
[3.634s] Level 1:colcon.colcon_core.environment:checking '/home/louis/Documents/Quadruped-Robot/quadruped_ws/install/quadruped_description' for CMake module files
[3.635s] Level 1:colcon.colcon_core.environment:checking '/home/louis/Documents/Quadruped-Robot/quadruped_ws/install/quadruped_description' for CMake config files
[3.636s] Level 1:colcon.colcon_core.shell:create_environment_hook('quadruped_description', 'cmake_prefix_path')
[3.670s] INFO:colcon.colcon_core.shell:Creating environment hook '/home/louis/Documents/Quadruped-Robot/quadruped_ws/install/quadruped_description/share/quadruped_description/hook/cmake_prefix_path.ps1'
[3.671s] INFO:colcon.colcon_core.shell:Creating environment descriptor '/home/louis/Documents/Quadruped-Robot/quadruped_ws/install/quadruped_description/share/quadruped_description/hook/cmake_prefix_path.dsv'
[3.671s] INFO:colcon.colcon_core.shell:Creating environment hook '/home/louis/Documents/Quadruped-Robot/quadruped_ws/install/quadruped_description/share/quadruped_description/hook/cmake_prefix_path.sh'
[3.672s] Level 1:colcon.colcon_core.environment:checking '/home/louis/Documents/Quadruped-Robot/quadruped_ws/install/quadruped_description/bin'
[3.672s] Level 1:colcon.colcon_core.environment:checking '/home/louis/Documents/Quadruped-Robot/quadruped_ws/install/quadruped_description/lib/pkgconfig/quadruped_description.pc'
[3.673s] Level 1:colcon.colcon_core.environment:checking '/home/louis/Documents/Quadruped-Robot/quadruped_ws/install/quadruped_description/lib/python3.10/site-packages'
[3.673s] Level 1:colcon.colcon_core.environment:checking '/home/louis/Documents/Quadruped-Robot/quadruped_ws/install/quadruped_description/bin'
[3.708s] INFO:colcon.colcon_core.shell:Creating package script '/home/louis/Documents/Quadruped-Robot/quadruped_ws/install/quadruped_description/share/quadruped_description/package.ps1'
[3.709s] INFO:colcon.colcon_core.shell:Creating package descriptor '/home/louis/Documents/Quadruped-Robot/quadruped_ws/install/quadruped_description/share/quadruped_description/package.dsv'
[3.710s] INFO:colcon.colcon_core.shell:Creating package script '/home/louis/Documents/Quadruped-Robot/quadruped_ws/install/quadruped_description/share/quadruped_description/package.sh'
[3.711s] INFO:colcon.colcon_core.shell:Creating package script '/home/louis/Documents/Quadruped-Robot/quadruped_ws/install/quadruped_description/share/quadruped_description/package.bash'
[3.712s] INFO:colcon.colcon_core.shell:Creating package script '/home/louis/Documents/Quadruped-Robot/quadruped_ws/install/quadruped_description/share/quadruped_description/package.zsh'
[3.712s] Level 1:colcon.colcon_core.environment:create_file_with_runtime_dependencies(/home/louis/Documents/Quadruped-Robot/quadruped_ws/install/quadruped_description/share/colcon-core/packages/quadruped_description)
[3.713s] DEBUG:colcon.colcon_parallel_executor.executor.parallel:closing loop
[3.714s] DEBUG:colcon.colcon_parallel_executor.executor.parallel:loop closed
[3.714s] DEBUG:colcon.colcon_parallel_executor.executor.parallel:run_until_complete finished with '0'
[3.714s] DEBUG:colcon.colcon_core.event_reactor:joining thread
[3.763s] INFO:colcon.colcon_core.plugin_system:Skipping extension 'colcon_notification.desktop_notification.terminal_notifier': Not used on non-Darwin systems
[3.763s] INFO:colcon.colcon_core.plugin_system:Skipping extension 'colcon_notification.desktop_notification.win32': Not used on non-Windows systems
[3.763s] INFO:colcon.colcon_notification.desktop_notification:Sending desktop notification using 'notify2'
[3.785s] DEBUG:colcon.colcon_core.event_reactor:joined thread
[3.823s] INFO:colcon.colcon_core.shell:Creating prefix script '/home/louis/Documents/Quadruped-Robot/quadruped_ws/install/local_setup.ps1'
[3.824s] INFO:colcon.colcon_core.shell:Creating prefix util module '/home/louis/Documents/Quadruped-Robot/quadruped_ws/install/_local_setup_util_ps1.py'
[3.827s] INFO:colcon.colcon_core.shell:Creating prefix chain script '/home/louis/Documents/Quadruped-Robot/quadruped_ws/install/setup.ps1'
[3.871s] INFO:colcon.colcon_core.shell:Creating prefix script '/home/louis/Documents/Quadruped-Robot/quadruped_ws/install/local_setup.sh'
[3.872s] INFO:colcon.colcon_core.shell:Creating prefix util module '/home/louis/Documents/Quadruped-Robot/quadruped_ws/install/_local_setup_util_sh.py'
[3.873s] INFO:colcon.colcon_core.shell:Creating prefix chain script '/home/louis/Documents/Quadruped-Robot/quadruped_ws/install/setup.sh'
[3.912s] INFO:colcon.colcon_core.shell:Creating prefix script '/home/louis/Documents/Quadruped-Robot/quadruped_ws/install/local_setup.bash'
[3.913s] INFO:colcon.colcon_core.shell:Creating prefix chain script '/home/louis/Documents/Quadruped-Robot/quadruped_ws/install/setup.bash'
[3.950s] INFO:colcon.colcon_core.shell:Creating prefix script '/home/louis/Documents/Quadruped-Robot/quadruped_ws/install/local_setup.zsh'
[3.951s] INFO:colcon.colcon_core.shell:Creating prefix chain script '/home/louis/Documents/Quadruped-Robot/quadruped_ws/install/setup.zsh'
