[0.296s] Invoking command in '/home/louis/Documents/Quadruped-Robot/quadruped_ws/build/pid': CMAKE_PREFIX_PATH=/opt/ros/iron /home/louis/.local/bin/cmake /home/louis/Documents/Quadruped-Robot/quadruped_ws/src/pid -DCMAKE_INSTALL_PREFIX=/home/louis/Documents/Quadruped-Robot/quadruped_ws/install/pid
[0.481s] -- The C compiler identification is GNU 11.4.0
[0.621s] -- The CXX compiler identification is GNU 11.4.0
[0.644s] -- Detecting C compiler ABI info
[0.788s] -- Detecting C compiler ABI info - done
[0.814s] -- Check for working C compiler: /usr/bin/cc - skipped
[0.815s] -- Detecting C compile features
[0.816s] -- Detecting C compile features - done
[0.824s] -- Detecting CXX compiler ABI info
[0.978s] -- Detecting CXX compiler ABI info - done
[1.009s] -- Check for working CXX compiler: /usr/bin/c++ - skipped
[1.009s] -- Detecting CXX compile features
[1.010s] -- Detecting CXX compile features - done
[1.018s] -- Found ament_cmake: 2.0.3 (/opt/ros/iron/share/ament_cmake/cmake)
[1.834s] -- Found Python3: /usr/bin/python3.10 (found version "3.10.12") found components: Interpreter 
[2.021s] -- Found ament_lint_auto: 0.14.2 (/opt/ros/iron/share/ament_lint_auto/cmake)
[2.200s] -- Added test 'copyright' to check source files copyright and LICENSE
[2.202s] -- Added test 'cppcheck' to perform static code analysis on C / C++ code
[2.203s] -- Configured cppcheck include dirs: $<BUILD_INTERFACE:/home/louis/Documents/Quadruped-Robot/quadruped_ws/src/pid/include>
[2.203s] -- Configured cppcheck exclude dirs and/or files: 
[2.205s] -- Added test 'cpplint' to check C / C++ code against the Google style
[2.205s] -- Configured cpplint exclude dirs and/or files: 
[2.207s] -- Added test 'lint_cmake' to check CMake code style
[2.209s] -- Added test 'uncrustify' to check C / C++ code style
[2.209s] -- Configured uncrustify additional arguments: 
[2.210s] -- Added test 'xmllint' to check XML markup files
[2.215s] -- Configuring done (1.9s)
[2.224s] -- Generating done (0.0s)
[2.227s] -- Build files have been written to: /home/louis/Documents/Quadruped-Robot/quadruped_ws/build/pid
[2.243s] Invoked command in '/home/louis/Documents/Quadruped-Robot/quadruped_ws/build/pid' returned '0': CMAKE_PREFIX_PATH=/opt/ros/iron /home/louis/.local/bin/cmake /home/louis/Documents/Quadruped-Robot/quadruped_ws/src/pid -DCMAKE_INSTALL_PREFIX=/home/louis/Documents/Quadruped-Robot/quadruped_ws/install/pid
[2.248s] Invoking command in '/home/louis/Documents/Quadruped-Robot/quadruped_ws/build/pid': CMAKE_PREFIX_PATH=/opt/ros/iron /home/louis/.local/bin/cmake --build /home/louis/Documents/Quadruped-Robot/quadruped_ws/build/pid -- -j4 -l4
[2.337s] [ 50%] [32mBuilding CXX object CMakeFiles/pid.dir/src/pid.cpp.o[0m
[2.832s] [100%] [32m[1mLinking CXX static library libpid.a[0m
[2.859s] [100%] Built target pid
[2.875s] Invoked command in '/home/louis/Documents/Quadruped-Robot/quadruped_ws/build/pid' returned '0': CMAKE_PREFIX_PATH=/opt/ros/iron /home/louis/.local/bin/cmake --build /home/louis/Documents/Quadruped-Robot/quadruped_ws/build/pid -- -j4 -l4
[2.976s] Invoking command in '/home/louis/Documents/Quadruped-Robot/quadruped_ws/build/pid': CMAKE_PREFIX_PATH=/opt/ros/iron /home/louis/.local/bin/cmake --install /home/louis/Documents/Quadruped-Robot/quadruped_ws/build/pid
[3.030s] -- Install configuration: ""
[3.031s] -- Installing: /home/louis/Documents/Quadruped-Robot/quadruped_ws/install/pid/include
[3.031s] -- Installing: /home/louis/Documents/Quadruped-Robot/quadruped_ws/install/pid/include/pid
[3.031s] -- Installing: /home/louis/Documents/Quadruped-Robot/quadruped_ws/install/pid/include/pid/pid.hpp
[3.031s] -- Installing: /home/louis/Documents/Quadruped-Robot/quadruped_ws/install/pid/include/pid/utils.hpp
[3.032s] -- Installing: /home/louis/Documents/Quadruped-Robot/quadruped_ws/install/pid/lib/libpid.a
[3.033s] -- Installing: /home/louis/Documents/Quadruped-Robot/quadruped_ws/install/pid/share/ament_index/resource_index/package_run_dependencies/pid
[3.034s] -- Installing: /home/louis/Documents/Quadruped-Robot/quadruped_ws/install/pid/share/ament_index/resource_index/parent_prefix_path/pid
[3.035s] -- Installing: /home/louis/Documents/Quadruped-Robot/quadruped_ws/install/pid/share/pid/environment/ament_prefix_path.sh
[3.035s] -- Installing: /home/louis/Documents/Quadruped-Robot/quadruped_ws/install/pid/share/pid/environment/ament_prefix_path.dsv
[3.035s] -- Installing: /home/louis/Documents/Quadruped-Robot/quadruped_ws/install/pid/share/pid/environment/path.sh
[3.036s] -- Installing: /home/louis/Documents/Quadruped-Robot/quadruped_ws/install/pid/share/pid/environment/path.dsv
[3.036s] -- Installing: /home/louis/Documents/Quadruped-Robot/quadruped_ws/install/pid/share/pid/local_setup.bash
[3.036s] -- Installing: /home/louis/Documents/Quadruped-Robot/quadruped_ws/install/pid/share/pid/local_setup.sh
[3.036s] -- Installing: /home/louis/Documents/Quadruped-Robot/quadruped_ws/install/pid/share/pid/local_setup.zsh
[3.037s] -- Installing: /home/louis/Documents/Quadruped-Robot/quadruped_ws/install/pid/share/pid/local_setup.dsv
[3.037s] -- Installing: /home/louis/Documents/Quadruped-Robot/quadruped_ws/install/pid/share/pid/package.dsv
[3.037s] -- Installing: /home/louis/Documents/Quadruped-Robot/quadruped_ws/install/pid/share/ament_index/resource_index/packages/pid
[3.038s] -- Installing: /home/louis/Documents/Quadruped-Robot/quadruped_ws/install/pid/share/pid/cmake/export_pidExport.cmake
[3.038s] -- Installing: /home/louis/Documents/Quadruped-Robot/quadruped_ws/install/pid/share/pid/cmake/export_pidExport-noconfig.cmake
[3.038s] -- Installing: /home/louis/Documents/Quadruped-Robot/quadruped_ws/install/pid/share/pid/cmake/ament_cmake_export_include_directories-extras.cmake
[3.038s] -- Installing: /home/louis/Documents/Quadruped-Robot/quadruped_ws/install/pid/share/pid/cmake/ament_cmake_export_targets-extras.cmake
[3.039s] -- Installing: /home/louis/Documents/Quadruped-Robot/quadruped_ws/install/pid/share/pid/cmake/pidConfig.cmake
[3.039s] -- Installing: /home/louis/Documents/Quadruped-Robot/quadruped_ws/install/pid/share/pid/cmake/pidConfig-version.cmake
[3.039s] -- Installing: /home/louis/Documents/Quadruped-Robot/quadruped_ws/install/pid/share/pid/package.xml
[3.051s] Invoked command in '/home/louis/Documents/Quadruped-Robot/quadruped_ws/build/pid' returned '0': CMAKE_PREFIX_PATH=/opt/ros/iron /home/louis/.local/bin/cmake --install /home/louis/Documents/Quadruped-Robot/quadruped_ws/build/pid
