[0.178s] Invoking command in '/home/louis/Documents/Quadruped-Robot/quadruped_ws/build/quadruped_description': CMAKE_PREFIX_PATH=${CMAKE_PREFIX_PATH}:/opt/ros/iron /home/louis/.local/bin/cmake --build /home/louis/Documents/Quadruped-Robot/quadruped_ws/build/quadruped_description -- -j4 -l4
[0.244s] -- Found ament_cmake: 2.0.3 (/opt/ros/iron/share/ament_cmake/cmake)
[0.460s] -- Found ament_lint_auto: 0.14.2 (/opt/ros/iron/share/ament_lint_auto/cmake)
[0.590s] -- Added test 'copyright' to check source files copyright and LICENSE
[0.596s] -- Added test 'flake8' to check Python code syntax and style conventions
[0.596s] -- Configured 'flake8' exclude dirs and/or files: 
[0.597s] -- Added test 'lint_cmake' to check CMake code style
[0.598s] -- Added test 'pep257' to check Python code against some of the docstring style conventions in PEP 257
[0.601s] -- Added test 'xmllint' to check XML markup files
[0.603s] -- Configuring done (0.4s)
[0.613s] -- Generating done (0.0s)
[0.616s] -- Build files have been written to: /home/louis/Documents/Quadruped-Robot/quadruped_ws/build/quadruped_description
[0.645s] [ 33%] Built target quadruped_description_urdf
[0.645s] [ 33%] Built target quadruped_description_fixed_urdf
[0.661s] [100%] Built target quadruped_description_generated
[0.677s] Invoked command in '/home/louis/Documents/Quadruped-Robot/quadruped_ws/build/quadruped_description' returned '0': CMAKE_PREFIX_PATH=${CMAKE_PREFIX_PATH}:/opt/ros/iron /home/louis/.local/bin/cmake --build /home/louis/Documents/Quadruped-Robot/quadruped_ws/build/quadruped_description -- -j4 -l4
[0.821s] Invoking command in '/home/louis/Documents/Quadruped-Robot/quadruped_ws/build/quadruped_description': CMAKE_PREFIX_PATH=${CMAKE_PREFIX_PATH}:/opt/ros/iron /home/louis/.local/bin/cmake --install /home/louis/Documents/Quadruped-Robot/quadruped_ws/build/quadruped_description
[0.870s] -- Install configuration: ""
[0.871s] -- Up-to-date: /home/louis/Documents/Quadruped-Robot/quadruped_ws/install/quadruped_description/share/quadruped_description/urdf
[0.871s] -- Up-to-date: /home/louis/Documents/Quadruped-Robot/quadruped_ws/install/quadruped_description/share/quadruped_description/urdf/inertias.xacro
[0.871s] -- Up-to-date: /home/louis/Documents/Quadruped-Robot/quadruped_ws/install/quadruped_description/share/quadruped_description/urdf/quadruped_fixed.urdf
[0.871s] -- Up-to-date: /home/louis/Documents/Quadruped-Robot/quadruped_ws/install/quadruped_description/share/quadruped_description/urdf/materials.xacro
[0.871s] -- Up-to-date: /home/louis/Documents/Quadruped-Robot/quadruped_ws/install/quadruped_description/share/quadruped_description/urdf/quadruped.xacro
[0.872s] -- Up-to-date: /home/louis/Documents/Quadruped-Robot/quadruped_ws/install/quadruped_description/share/quadruped_description/urdf/gazebo.xacro
[0.872s] -- Up-to-date: /home/louis/Documents/Quadruped-Robot/quadruped_ws/install/quadruped_description/share/quadruped_description/urdf/quadruped.urdf
[0.872s] -- Up-to-date: /home/louis/Documents/Quadruped-Robot/quadruped_ws/install/quadruped_description/share/quadruped_description/simulation
[0.873s] -- Up-to-date: /home/louis/Documents/Quadruped-Robot/quadruped_ws/install/quadruped_description/share/quadruped_description/simulation/models
[0.873s] -- Up-to-date: /home/louis/Documents/Quadruped-Robot/quadruped_ws/install/quadruped_description/share/quadruped_description/simulation/models/quadruped
[0.873s] -- Up-to-date: /home/louis/Documents/Quadruped-Robot/quadruped_ws/install/quadruped_description/share/quadruped_description/simulation/models/quadruped/quadruped.sdf
[0.873s] -- Up-to-date: /home/louis/Documents/Quadruped-Robot/quadruped_ws/install/quadruped_description/share/quadruped_description/simulation/models/quadruped/model.config
[0.873s] -- Up-to-date: /home/louis/Documents/Quadruped-Robot/quadruped_ws/install/quadruped_description/share/quadruped_description/simulation/models/quadruped_fixed
[0.873s] -- Up-to-date: /home/louis/Documents/Quadruped-Robot/quadruped_ws/install/quadruped_description/share/quadruped_description/simulation/models/quadruped_fixed/quadruped_fixed.sdf
[0.873s] -- Up-to-date: /home/louis/Documents/Quadruped-Robot/quadruped_ws/install/quadruped_description/share/quadruped_description/simulation/models/quadruped_fixed/model.config
[0.874s] -- Up-to-date: /home/louis/Documents/Quadruped-Robot/quadruped_ws/install/quadruped_description/share/quadruped_description/simulation/worlds
[0.874s] -- Up-to-date: /home/louis/Documents/Quadruped-Robot/quadruped_ws/install/quadruped_description/share/quadruped_description/simulation/worlds/quadruped_fixed.world
[0.874s] -- Up-to-date: /home/louis/Documents/Quadruped-Robot/quadruped_ws/install/quadruped_description/share/quadruped_description/simulation/worlds/quadruped.world
[0.874s] -- Up-to-date: /home/louis/Documents/Quadruped-Robot/quadruped_ws/install/quadruped_description/share/quadruped_description/launch
[0.874s] -- Installing: /home/louis/Documents/Quadruped-Robot/quadruped_ws/install/quadruped_description/share/quadruped_description/launch/quadruped_simulation.launch.py
[0.875s] -- Up-to-date: /home/louis/Documents/Quadruped-Robot/quadruped_ws/install/quadruped_description/share/ament_index/resource_index/package_run_dependencies/quadruped_description
[0.875s] -- Up-to-date: /home/louis/Documents/Quadruped-Robot/quadruped_ws/install/quadruped_description/share/ament_index/resource_index/parent_prefix_path/quadruped_description
[0.875s] -- Up-to-date: /home/louis/Documents/Quadruped-Robot/quadruped_ws/install/quadruped_description/share/quadruped_description/environment/ament_prefix_path.sh
[0.875s] -- Up-to-date: /home/louis/Documents/Quadruped-Robot/quadruped_ws/install/quadruped_description/share/quadruped_description/environment/ament_prefix_path.dsv
[0.876s] -- Up-to-date: /home/louis/Documents/Quadruped-Robot/quadruped_ws/install/quadruped_description/share/quadruped_description/environment/path.sh
[0.876s] -- Up-to-date: /home/louis/Documents/Quadruped-Robot/quadruped_ws/install/quadruped_description/share/quadruped_description/environment/path.dsv
[0.876s] -- Up-to-date: /home/louis/Documents/Quadruped-Robot/quadruped_ws/install/quadruped_description/share/quadruped_description/local_setup.bash
[0.876s] -- Up-to-date: /home/louis/Documents/Quadruped-Robot/quadruped_ws/install/quadruped_description/share/quadruped_description/local_setup.sh
[0.876s] -- Up-to-date: /home/louis/Documents/Quadruped-Robot/quadruped_ws/install/quadruped_description/share/quadruped_description/local_setup.zsh
[0.877s] -- Up-to-date: /home/louis/Documents/Quadruped-Robot/quadruped_ws/install/quadruped_description/share/quadruped_description/local_setup.dsv
[0.877s] -- Installing: /home/louis/Documents/Quadruped-Robot/quadruped_ws/install/quadruped_description/share/quadruped_description/package.dsv
[0.877s] -- Up-to-date: /home/louis/Documents/Quadruped-Robot/quadruped_ws/install/quadruped_description/share/ament_index/resource_index/packages/quadruped_description
[0.877s] -- Up-to-date: /home/louis/Documents/Quadruped-Robot/quadruped_ws/install/quadruped_description/share/quadruped_description/cmake/quadruped_descriptionConfig.cmake
[0.878s] -- Up-to-date: /home/louis/Documents/Quadruped-Robot/quadruped_ws/install/quadruped_description/share/quadruped_description/cmake/quadruped_descriptionConfig-version.cmake
[0.878s] -- Up-to-date: /home/louis/Documents/Quadruped-Robot/quadruped_ws/install/quadruped_description/share/quadruped_description/package.xml
[0.884s] Invoked command in '/home/louis/Documents/Quadruped-Robot/quadruped_ws/build/quadruped_description' returned '0': CMAKE_PREFIX_PATH=${CMAKE_PREFIX_PATH}:/opt/ros/iron /home/louis/.local/bin/cmake --install /home/louis/Documents/Quadruped-Robot/quadruped_ws/build/quadruped_description
