[0.180s] Invoking command in '/home/louis/Documents/Quadruped-Robot/quadruped_ws/build/quadruped_description': CMAKE_PREFIX_PATH=${CMAKE_PREFIX_PATH}:/opt/ros/iron /home/louis/.local/bin/cmake --build /home/louis/Documents/Quadruped-Robot/quadruped_ws/build/quadruped_description -- -j4 -l4
[0.261s] [ 16%] Built target quadruped_description_fixed_urdf
[0.261s] [ 33%] Built target quadruped_description_urdf
[0.277s] [100%] Built target quadruped_description_generated
[0.291s] Invoked command in '/home/louis/Documents/Quadruped-Robot/quadruped_ws/build/quadruped_description' returned '0': CMAKE_PREFIX_PATH=${CMAKE_PREFIX_PATH}:/opt/ros/iron /home/louis/.local/bin/cmake --build /home/louis/Documents/Quadruped-Robot/quadruped_ws/build/quadruped_description -- -j4 -l4
[0.440s] Invoking command in '/home/louis/Documents/Quadruped-Robot/quadruped_ws/build/quadruped_description': CMAKE_PREFIX_PATH=${CMAKE_PREFIX_PATH}:/opt/ros/iron /home/louis/.local/bin/cmake --install /home/louis/Documents/Quadruped-Robot/quadruped_ws/build/quadruped_description
[0.487s] -- Install configuration: ""
[0.487s] -- Up-to-date: /home/louis/Documents/Quadruped-Robot/quadruped_ws/install/quadruped_description/share/quadruped_description/urdf
[0.488s] -- Up-to-date: /home/louis/Documents/Quadruped-Robot/quadruped_ws/install/quadruped_description/share/quadruped_description/urdf/inertias.xacro
[0.488s] -- Up-to-date: /home/louis/Documents/Quadruped-Robot/quadruped_ws/install/quadruped_description/share/quadruped_description/urdf/quadruped_fixed.urdf
[0.488s] -- Up-to-date: /home/louis/Documents/Quadruped-Robot/quadruped_ws/install/quadruped_description/share/quadruped_description/urdf/materials.xacro
[0.488s] -- Up-to-date: /home/louis/Documents/Quadruped-Robot/quadruped_ws/install/quadruped_description/share/quadruped_description/urdf/quadruped.xacro
[0.488s] -- Up-to-date: /home/louis/Documents/Quadruped-Robot/quadruped_ws/install/quadruped_description/share/quadruped_description/urdf/gazebo.xacro
[0.488s] -- Up-to-date: /home/louis/Documents/Quadruped-Robot/quadruped_ws/install/quadruped_description/share/quadruped_description/urdf/quadruped.urdf
[0.489s] -- Up-to-date: /home/louis/Documents/Quadruped-Robot/quadruped_ws/install/quadruped_description/share/quadruped_description/simulation
[0.489s] -- Up-to-date: /home/louis/Documents/Quadruped-Robot/quadruped_ws/install/quadruped_description/share/quadruped_description/simulation/models
[0.489s] -- Up-to-date: /home/louis/Documents/Quadruped-Robot/quadruped_ws/install/quadruped_description/share/quadruped_description/simulation/models/quadruped
[0.489s] -- Up-to-date: /home/louis/Documents/Quadruped-Robot/quadruped_ws/install/quadruped_description/share/quadruped_description/simulation/models/quadruped/quadruped.sdf
[0.489s] -- Up-to-date: /home/louis/Documents/Quadruped-Robot/quadruped_ws/install/quadruped_description/share/quadruped_description/simulation/models/quadruped/model.config
[0.490s] -- Up-to-date: /home/louis/Documents/Quadruped-Robot/quadruped_ws/install/quadruped_description/share/quadruped_description/simulation/models/quadruped_fixed
[0.490s] -- Up-to-date: /home/louis/Documents/Quadruped-Robot/quadruped_ws/install/quadruped_description/share/quadruped_description/simulation/models/quadruped_fixed/quadruped_fixed.sdf
[0.490s] -- Up-to-date: /home/louis/Documents/Quadruped-Robot/quadruped_ws/install/quadruped_description/share/quadruped_description/simulation/models/quadruped_fixed/model.config
[0.491s] -- Up-to-date: /home/louis/Documents/Quadruped-Robot/quadruped_ws/install/quadruped_description/share/quadruped_description/simulation/worlds
[0.491s] -- Up-to-date: /home/louis/Documents/Quadruped-Robot/quadruped_ws/install/quadruped_description/share/quadruped_description/simulation/worlds/quadruped_fixed.world
[0.491s] -- Up-to-date: /home/louis/Documents/Quadruped-Robot/quadruped_ws/install/quadruped_description/share/quadruped_description/simulation/worlds/quadruped.world
[0.491s] -- Up-to-date: /home/louis/Documents/Quadruped-Robot/quadruped_ws/install/quadruped_description/share/quadruped_description/launch
[0.491s] -- Installing: /home/louis/Documents/Quadruped-Robot/quadruped_ws/install/quadruped_description/share/quadruped_description/launch/quadruped_simulation.launch.py
[0.491s] -- Up-to-date: /home/louis/Documents/Quadruped-Robot/quadruped_ws/install/quadruped_description/share/quadruped_description/config
[0.492s] -- Up-to-date: /home/louis/Documents/Quadruped-Robot/quadruped_ws/install/quadruped_description/share/quadruped_description/config/quadruped.rviz
[0.492s] -- Up-to-date: /home/louis/Documents/Quadruped-Robot/quadruped_ws/install/quadruped_description/share/ament_index/resource_index/package_run_dependencies/quadruped_description
[0.492s] -- Up-to-date: /home/louis/Documents/Quadruped-Robot/quadruped_ws/install/quadruped_description/share/ament_index/resource_index/parent_prefix_path/quadruped_description
[0.492s] -- Up-to-date: /home/louis/Documents/Quadruped-Robot/quadruped_ws/install/quadruped_description/share/quadruped_description/environment/ament_prefix_path.sh
[0.492s] -- Up-to-date: /home/louis/Documents/Quadruped-Robot/quadruped_ws/install/quadruped_description/share/quadruped_description/environment/ament_prefix_path.dsv
[0.492s] -- Up-to-date: /home/louis/Documents/Quadruped-Robot/quadruped_ws/install/quadruped_description/share/quadruped_description/environment/path.sh
[0.492s] -- Up-to-date: /home/louis/Documents/Quadruped-Robot/quadruped_ws/install/quadruped_description/share/quadruped_description/environment/path.dsv
[0.492s] -- Up-to-date: /home/louis/Documents/Quadruped-Robot/quadruped_ws/install/quadruped_description/share/quadruped_description/local_setup.bash
[0.492s] -- Up-to-date: /home/louis/Documents/Quadruped-Robot/quadruped_ws/install/quadruped_description/share/quadruped_description/local_setup.sh
[0.493s] -- Up-to-date: /home/louis/Documents/Quadruped-Robot/quadruped_ws/install/quadruped_description/share/quadruped_description/local_setup.zsh
[0.493s] -- Up-to-date: /home/louis/Documents/Quadruped-Robot/quadruped_ws/install/quadruped_description/share/quadruped_description/local_setup.dsv
[0.493s] -- Installing: /home/louis/Documents/Quadruped-Robot/quadruped_ws/install/quadruped_description/share/quadruped_description/package.dsv
[0.493s] -- Up-to-date: /home/louis/Documents/Quadruped-Robot/quadruped_ws/install/quadruped_description/share/ament_index/resource_index/packages/quadruped_description
[0.493s] -- Up-to-date: /home/louis/Documents/Quadruped-Robot/quadruped_ws/install/quadruped_description/share/quadruped_description/cmake/quadruped_descriptionConfig.cmake
[0.493s] -- Up-to-date: /home/louis/Documents/Quadruped-Robot/quadruped_ws/install/quadruped_description/share/quadruped_description/cmake/quadruped_descriptionConfig-version.cmake
[0.493s] -- Up-to-date: /home/louis/Documents/Quadruped-Robot/quadruped_ws/install/quadruped_description/share/quadruped_description/package.xml
[0.500s] Invoked command in '/home/louis/Documents/Quadruped-Robot/quadruped_ws/build/quadruped_description' returned '0': CMAKE_PREFIX_PATH=${CMAKE_PREFIX_PATH}:/opt/ros/iron /home/louis/.local/bin/cmake --install /home/louis/Documents/Quadruped-Robot/quadruped_ws/build/quadruped_description
