-- Found ament_cmake: 2.0.3 (/opt/ros/iron/share/ament_cmake/cmake)
-- Found ament_lint_auto: 0.14.2 (/opt/ros/iron/share/ament_lint_auto/cmake)
-- Added test 'copyright' to check source files copyright and LICENSE
-- Added test 'flake8' to check Python code syntax and style conventions
-- Configured 'flake8' exclude dirs and/or files: 
-- Added test 'lint_cmake' to check CMake code style
-- Added test 'pep257' to check Python code against some of the docstring style conventions in PEP 257
-- Added test 'xmllint' to check XML markup files
-- Configuring done (0.4s)
-- Generating done (0.0s)
-- Build files have been written to: /home/louis/Documents/Quadruped-Robot/quadruped_ws/build/quadruped_description
[ 16%] [34m[1mGenerating quadruped_description robot fixed in world URDF[0m
[ 33%] [34m[1mGenerating quadruped_description robot URDF[0m
[91mNo such file or directory: materials.xacro [Errno 2] No such file or directory: 'materials.xacro'[0m
when processing file: quadruped.xacro
[91mNo such file or directory: materials.xacro [Errno 2] No such file or directory: 'materials.xacro'[0m
when processing file: quadruped.xacro
gmake[2]: *** [CMakeFiles/quadruped_description_fixed_urdf.dir/build.make:75: /home/louis/Documents/Quadruped-Robot/quadruped_ws/src/quadruped_description/urdf/quadruped_fixed.urdf] Error 2
gmake[1]: *** [CMakeFiles/Makefile2:198: CMakeFiles/quadruped_description_fixed_urdf.dir/all] Error 2
gmake[1]: *** Waiting for unfinished jobs....
gmake[2]: *** [CMakeFiles/quadruped_description_urdf.dir/build.make:75: /home/louis/Documents/Quadruped-Robot/quadruped_ws/src/quadruped_description/urdf/quadruped.urdf] Error 2
gmake[1]: *** [CMakeFiles/Makefile2:146: CMakeFiles/quadruped_description_urdf.dir/all] Error 2
gmake: *** [Makefile:146: all] Error 2
