[2.178s] DEBUG:colcon:Command line arguments: ['/usr/bin/colcon', 'build']
[2.179s] DEBUG:colcon:Parsed command line arguments: Namespace(log_base=None, log_level=None, verb_name='build', build_base='build', install_base='install', merge_install=False, symlink_install=False, test_result_base=None, continue_on_error=False, executor='parallel', parallel_workers=4, event_handlers=None, ignore_user_meta=False, metas=['./colcon.meta'], base_paths=['.'], packages_ignore=None, packages_ignore_regex=None, paths=None, packages_up_to=None, packages_up_to_regex=None, packages_above=None, packages_above_and_dependencies=None, packages_above_depth=None, packages_select_by_dep=None, packages_skip_by_dep=None, packages_skip_up_to=None, packages_select_build_failed=False, packages_skip_build_finished=False, packages_select_test_failures=False, packages_skip_test_passed=False, packages_select=None, packages_skip=None, packages_select_regex=None, packages_skip_regex=None, packages_start=None, packages_end=None, allow_overriding=[], cmake_args=None, cmake_target=None, cmake_target_skip_unavailable=False, cmake_clean_cache=False, cmake_clean_first=False, cmake_force_configure=False, ament_cmake_args=None, catkin_cmake_args=None, catkin_skip_building_tests=False, verb_parser=<colcon_defaults.argument_parser.defaults.DefaultArgumentsDecorator object at 0x7f0f09f1af50>, verb_extension=<colcon_core.verb.build.BuildVerb object at 0x7f0f09f1a9b0>, main=<bound method BuildVerb.main of <colcon_core.verb.build.BuildVerb object at 0x7f0f09f1a9b0>>)
[2.297s] Level 1:colcon.colcon_core.package_discovery:discover_packages(colcon_meta) check parameters
[2.297s] Level 1:colcon.colcon_core.package_discovery:discover_packages(recursive) check parameters
[2.298s] Level 1:colcon.colcon_core.package_discovery:discover_packages(ignore) check parameters
[2.298s] Level 1:colcon.colcon_core.package_discovery:discover_packages(path) check parameters
[2.298s] Level 1:colcon.colcon_core.package_discovery:discover_packages(colcon_meta) discover
[2.298s] Level 1:colcon.colcon_core.package_discovery:discover_packages(recursive) discover
[2.298s] INFO:colcon.colcon_core.package_discovery:Crawling recursively for packages in '/home/louis/Documents/Quadruped-Robot/quadruped_ws'
[2.298s] Level 1:colcon.colcon_core.package_identification:_identify(.) by extensions ['ignore', 'ignore_ament_install']
[2.298s] Level 1:colcon.colcon_core.package_identification:_identify(.) by extension 'ignore'
[2.298s] Level 1:colcon.colcon_core.package_identification:_identify(.) by extension 'ignore_ament_install'
[2.299s] Level 1:colcon.colcon_core.package_identification:_identify(.) by extensions ['colcon_pkg']
[2.299s] Level 1:colcon.colcon_core.package_identification:_identify(.) by extension 'colcon_pkg'
[2.299s] Level 1:colcon.colcon_core.package_identification:_identify(.) by extensions ['colcon_meta']
[2.299s] Level 1:colcon.colcon_core.package_identification:_identify(.) by extension 'colcon_meta'
[2.299s] Level 1:colcon.colcon_core.package_identification:_identify(.) by extensions ['ros']
[2.299s] Level 1:colcon.colcon_core.package_identification:_identify(.) by extension 'ros'
[2.327s] Level 1:colcon.colcon_core.package_identification:_identify(.) by extensions ['cmake', 'python']
[2.327s] Level 1:colcon.colcon_core.package_identification:_identify(.) by extension 'cmake'
[2.327s] Level 1:colcon.colcon_core.package_identification:_identify(.) by extension 'python'
[2.327s] Level 1:colcon.colcon_core.package_identification:_identify(.) by extensions ['python_setup_py']
[2.327s] Level 1:colcon.colcon_core.package_identification:_identify(.) by extension 'python_setup_py'
[2.327s] Level 1:colcon.colcon_core.package_identification:_identify(build) by extensions ['ignore', 'ignore_ament_install']
[2.328s] Level 1:colcon.colcon_core.package_identification:_identify(build) by extension 'ignore'
[2.328s] Level 1:colcon.colcon_core.package_identification:_identify(build) ignored
[2.328s] Level 1:colcon.colcon_core.package_identification:_identify(install) by extensions ['ignore', 'ignore_ament_install']
[2.328s] Level 1:colcon.colcon_core.package_identification:_identify(install) by extension 'ignore'
[2.328s] Level 1:colcon.colcon_core.package_identification:_identify(install) ignored
[2.328s] Level 1:colcon.colcon_core.package_identification:_identify(log) by extensions ['ignore', 'ignore_ament_install']
[2.329s] Level 1:colcon.colcon_core.package_identification:_identify(log) by extension 'ignore'
[2.329s] Level 1:colcon.colcon_core.package_identification:_identify(log) ignored
[2.329s] Level 1:colcon.colcon_core.package_identification:_identify(src) by extensions ['ignore', 'ignore_ament_install']
[2.329s] Level 1:colcon.colcon_core.package_identification:_identify(src) by extension 'ignore'
[2.329s] Level 1:colcon.colcon_core.package_identification:_identify(src) by extension 'ignore_ament_install'
[2.329s] Level 1:colcon.colcon_core.package_identification:_identify(src) by extensions ['colcon_pkg']
[2.329s] Level 1:colcon.colcon_core.package_identification:_identify(src) by extension 'colcon_pkg'
[2.329s] Level 1:colcon.colcon_core.package_identification:_identify(src) by extensions ['colcon_meta']
[2.329s] Level 1:colcon.colcon_core.package_identification:_identify(src) by extension 'colcon_meta'
[2.330s] Level 1:colcon.colcon_core.package_identification:_identify(src) by extensions ['ros']
[2.330s] Level 1:colcon.colcon_core.package_identification:_identify(src) by extension 'ros'
[2.330s] Level 1:colcon.colcon_core.package_identification:_identify(src) by extensions ['cmake', 'python']
[2.330s] Level 1:colcon.colcon_core.package_identification:_identify(src) by extension 'cmake'
[2.330s] Level 1:colcon.colcon_core.package_identification:_identify(src) by extension 'python'
[2.330s] Level 1:colcon.colcon_core.package_identification:_identify(src) by extensions ['python_setup_py']
[2.330s] Level 1:colcon.colcon_core.package_identification:_identify(src) by extension 'python_setup_py'
[2.330s] Level 1:colcon.colcon_core.package_identification:_identify(src/gazebo_ros) by extensions ['ignore', 'ignore_ament_install']
[2.330s] Level 1:colcon.colcon_core.package_identification:_identify(src/gazebo_ros) by extension 'ignore'
[2.331s] Level 1:colcon.colcon_core.package_identification:_identify(src/gazebo_ros) by extension 'ignore_ament_install'
[2.331s] Level 1:colcon.colcon_core.package_identification:_identify(src/gazebo_ros) by extensions ['colcon_pkg']
[2.331s] Level 1:colcon.colcon_core.package_identification:_identify(src/gazebo_ros) by extension 'colcon_pkg'
[2.332s] Level 1:colcon.colcon_core.package_identification:_identify(src/gazebo_ros) by extensions ['colcon_meta']
[2.332s] Level 1:colcon.colcon_core.package_identification:_identify(src/gazebo_ros) by extension 'colcon_meta'
[2.332s] Level 1:colcon.colcon_core.package_identification:_identify(src/gazebo_ros) by extensions ['ros']
[2.332s] Level 1:colcon.colcon_core.package_identification:_identify(src/gazebo_ros) by extension 'ros'
[2.338s] DEBUG:colcon.colcon_core.package_identification:Package 'src/gazebo_ros' with type 'ros.ament_cmake' and name 'gazebo_ros'
[2.338s] Level 1:colcon.colcon_core.package_identification:_identify(src/quadruped_description) by extensions ['ignore', 'ignore_ament_install']
[2.339s] Level 1:colcon.colcon_core.package_identification:_identify(src/quadruped_description) by extension 'ignore'
[2.339s] Level 1:colcon.colcon_core.package_identification:_identify(src/quadruped_description) by extension 'ignore_ament_install'
[2.339s] Level 1:colcon.colcon_core.package_identification:_identify(src/quadruped_description) by extensions ['colcon_pkg']
[2.339s] Level 1:colcon.colcon_core.package_identification:_identify(src/quadruped_description) by extension 'colcon_pkg'
[2.339s] Level 1:colcon.colcon_core.package_identification:_identify(src/quadruped_description) by extensions ['colcon_meta']
[2.339s] Level 1:colcon.colcon_core.package_identification:_identify(src/quadruped_description) by extension 'colcon_meta'
[2.339s] Level 1:colcon.colcon_core.package_identification:_identify(src/quadruped_description) by extensions ['ros']
[2.339s] Level 1:colcon.colcon_core.package_identification:_identify(src/quadruped_description) by extension 'ros'
[2.340s] DEBUG:colcon.colcon_core.package_identification:Package 'src/quadruped_description' with type 'ros.ament_cmake' and name 'quadruped_description'
[2.340s] Level 1:colcon.colcon_core.package_discovery:discover_packages(recursive) using defaults
[2.340s] Level 1:colcon.colcon_core.package_discovery:discover_packages(ignore) discover
[2.340s] Level 1:colcon.colcon_core.package_discovery:discover_packages(ignore) using defaults
[2.341s] Level 1:colcon.colcon_core.package_discovery:discover_packages(path) discover
[2.341s] Level 1:colcon.colcon_core.package_discovery:discover_packages(path) using defaults
[2.441s] INFO:colcon.colcon_metadata.metadata.colcon_pkg:Updating descriptor of package 'src/gazebo_ros' from colcon.pkg: {'dependencies': ['Gazebo']}
[2.541s] Level 1:colcon.colcon_core.package_discovery:discover_packages(prefix_path) check parameters
[2.541s] Level 1:colcon.colcon_core.package_discovery:discover_packages(prefix_path) discover
[2.608s] DEBUG:colcon.colcon_installed_package_information.package_discovery:Found 1 installed packages in /home/louis/Documents/Quadruped-Robot/quadruped_ws/install
[2.643s] DEBUG:colcon.colcon_installed_package_information.package_discovery:Found 296 installed packages in /opt/ros/iron
[2.645s] Level 1:colcon.colcon_core.package_discovery:discover_packages(prefix_path) using defaults
[2.795s] Level 5:colcon.colcon_core.verb:set package 'gazebo_ros' build argument 'cmake_args' from command line to 'None'
[2.795s] Level 5:colcon.colcon_core.verb:set package 'gazebo_ros' build argument 'cmake_target' from command line to 'None'
[2.795s] Level 5:colcon.colcon_core.verb:set package 'gazebo_ros' build argument 'cmake_target_skip_unavailable' from command line to 'False'
[2.796s] Level 5:colcon.colcon_core.verb:set package 'gazebo_ros' build argument 'cmake_clean_cache' from command line to 'False'
[2.796s] Level 5:colcon.colcon_core.verb:set package 'gazebo_ros' build argument 'cmake_clean_first' from command line to 'False'
[2.796s] Level 5:colcon.colcon_core.verb:set package 'gazebo_ros' build argument 'cmake_force_configure' from command line to 'False'
[2.796s] Level 5:colcon.colcon_core.verb:set package 'gazebo_ros' build argument 'ament_cmake_args' from command line to 'None'
[2.796s] Level 5:colcon.colcon_core.verb:set package 'gazebo_ros' build argument 'catkin_cmake_args' from command line to 'None'
[2.796s] Level 5:colcon.colcon_core.verb:set package 'gazebo_ros' build argument 'catkin_skip_building_tests' from command line to 'False'
[2.796s] DEBUG:colcon.colcon_core.verb:Building package 'gazebo_ros' with the following arguments: {'ament_cmake_args': None, 'build_base': '/home/louis/Documents/Quadruped-Robot/quadruped_ws/build/gazebo_ros', 'catkin_cmake_args': None, 'catkin_skip_building_tests': False, 'cmake_args': None, 'cmake_clean_cache': False, 'cmake_clean_first': False, 'cmake_force_configure': False, 'cmake_target': None, 'cmake_target_skip_unavailable': False, 'install_base': '/home/louis/Documents/Quadruped-Robot/quadruped_ws/install/gazebo_ros', 'merge_install': False, 'path': '/home/louis/Documents/Quadruped-Robot/quadruped_ws/src/gazebo_ros', 'symlink_install': False, 'test_result_base': None}
[2.829s] Level 5:colcon.colcon_core.verb:set package 'quadruped_description' build argument 'cmake_args' from command line to 'None'
[2.829s] Level 5:colcon.colcon_core.verb:set package 'quadruped_description' build argument 'cmake_target' from command line to 'None'
[2.829s] Level 5:colcon.colcon_core.verb:set package 'quadruped_description' build argument 'cmake_target_skip_unavailable' from command line to 'False'
[2.829s] Level 5:colcon.colcon_core.verb:set package 'quadruped_description' build argument 'cmake_clean_cache' from command line to 'False'
[2.829s] Level 5:colcon.colcon_core.verb:set package 'quadruped_description' build argument 'cmake_clean_first' from command line to 'False'
[2.829s] Level 5:colcon.colcon_core.verb:set package 'quadruped_description' build argument 'cmake_force_configure' from command line to 'False'
[2.829s] Level 5:colcon.colcon_core.verb:set package 'quadruped_description' build argument 'ament_cmake_args' from command line to 'None'
[2.830s] Level 5:colcon.colcon_core.verb:set package 'quadruped_description' build argument 'catkin_cmake_args' from command line to 'None'
[2.830s] Level 5:colcon.colcon_core.verb:set package 'quadruped_description' build argument 'catkin_skip_building_tests' from command line to 'False'
[2.830s] DEBUG:colcon.colcon_core.verb:Building package 'quadruped_description' with the following arguments: {'ament_cmake_args': None, 'build_base': '/home/louis/Documents/Quadruped-Robot/quadruped_ws/build/quadruped_description', 'catkin_cmake_args': None, 'catkin_skip_building_tests': False, 'cmake_args': None, 'cmake_clean_cache': False, 'cmake_clean_first': False, 'cmake_force_configure': False, 'cmake_target': None, 'cmake_target_skip_unavailable': False, 'install_base': '/home/louis/Documents/Quadruped-Robot/quadruped_ws/install/quadruped_description', 'merge_install': False, 'path': '/home/louis/Documents/Quadruped-Robot/quadruped_ws/src/quadruped_description', 'symlink_install': False, 'test_result_base': None}
[2.862s] INFO:colcon.colcon_core.executor:Executing jobs using 'parallel' executor
[2.913s] DEBUG:colcon.colcon_parallel_executor.executor.parallel:run_until_complete
[2.913s] INFO:colcon.colcon_ros.task.ament_cmake.build:Building ROS package in '/home/louis/Documents/Quadruped-Robot/quadruped_ws/src/gazebo_ros' with build type 'ament_cmake'
[2.914s] INFO:colcon.colcon_cmake.task.cmake.build:Building CMake package in '/home/louis/Documents/Quadruped-Robot/quadruped_ws/src/gazebo_ros'
[2.953s] INFO:colcon.colcon_core.plugin_system:Skipping extension 'colcon_core.shell.bat': Not used on non-Windows systems
[2.953s] INFO:colcon.colcon_core.shell:Skip shell extension 'powershell' for command environment: Not usable outside of PowerShell
[2.954s] DEBUG:colcon.colcon_core.shell:Skip shell extension 'dsv' for command environment
[3.061s] INFO:colcon.colcon_ros.task.ament_cmake.build:Building ROS package in '/home/louis/Documents/Quadruped-Robot/quadruped_ws/src/quadruped_description' with build type 'ament_cmake'
[3.062s] INFO:colcon.colcon_cmake.task.cmake.build:Building CMake package in '/home/louis/Documents/Quadruped-Robot/quadruped_ws/src/quadruped_description'
[3.098s] INFO:colcon.colcon_core.shell:Skip shell extension 'powershell' for command environment: Not usable outside of PowerShell
[3.098s] DEBUG:colcon.colcon_core.shell:Skip shell extension 'dsv' for command environment
[3.218s] DEBUG:colcon.colcon_core.event_handler.log_command:Invoking command in '/home/louis/Documents/Quadruped-Robot/quadruped_ws/build/gazebo_ros': CMAKE_PREFIX_PATH=${CMAKE_PREFIX_PATH}:/opt/ros/iron /home/louis/.local/bin/cmake /home/louis/Documents/Quadruped-Robot/quadruped_ws/src/gazebo_ros -DCMAKE_INSTALL_PREFIX=/home/louis/Documents/Quadruped-Robot/quadruped_ws/install/gazebo_ros
[3.232s] DEBUG:colcon.colcon_core.event_handler.log_command:Invoking command in '/home/louis/Documents/Quadruped-Robot/quadruped_ws/build/quadruped_description': CMAKE_PREFIX_PATH=${CMAKE_PREFIX_PATH}:/opt/ros/iron /home/louis/.local/bin/cmake --build /home/louis/Documents/Quadruped-Robot/quadruped_ws/build/quadruped_description -- -j4 -l4
[3.372s] DEBUG:colcon.colcon_core.event_handler.log_command:Invoked command in '/home/louis/Documents/Quadruped-Robot/quadruped_ws/build/quadruped_description' returned '0': CMAKE_PREFIX_PATH=${CMAKE_PREFIX_PATH}:/opt/ros/iron /home/louis/.local/bin/cmake --build /home/louis/Documents/Quadruped-Robot/quadruped_ws/build/quadruped_description -- -j4 -l4
[3.581s] DEBUG:colcon.colcon_core.event_handler.log_command:Invoking command in '/home/louis/Documents/Quadruped-Robot/quadruped_ws/build/quadruped_description': CMAKE_PREFIX_PATH=${CMAKE_PREFIX_PATH}:/opt/ros/iron /home/louis/.local/bin/cmake --install /home/louis/Documents/Quadruped-Robot/quadruped_ws/build/quadruped_description
[3.682s] Level 1:colcon.colcon_core.environment:create_environment_scripts_only(quadruped_description)
[3.684s] DEBUG:colcon.colcon_core.event_handler.log_command:Invoked command in '/home/louis/Documents/Quadruped-Robot/quadruped_ws/build/quadruped_description' returned '0': CMAKE_PREFIX_PATH=${CMAKE_PREFIX_PATH}:/opt/ros/iron /home/louis/.local/bin/cmake --install /home/louis/Documents/Quadruped-Robot/quadruped_ws/build/quadruped_description
[3.747s] Level 1:colcon.colcon_core.environment:checking '/home/louis/Documents/Quadruped-Robot/quadruped_ws/install/quadruped_description' for CMake module files
[3.748s] Level 1:colcon.colcon_core.environment:checking '/home/louis/Documents/Quadruped-Robot/quadruped_ws/install/quadruped_description' for CMake config files
[3.750s] Level 1:colcon.colcon_core.shell:create_environment_hook('quadruped_description', 'cmake_prefix_path')
[3.817s] INFO:colcon.colcon_core.shell:Creating environment hook '/home/louis/Documents/Quadruped-Robot/quadruped_ws/install/quadruped_description/share/quadruped_description/hook/cmake_prefix_path.ps1'
[3.819s] INFO:colcon.colcon_core.shell:Creating environment descriptor '/home/louis/Documents/Quadruped-Robot/quadruped_ws/install/quadruped_description/share/quadruped_description/hook/cmake_prefix_path.dsv'
[3.821s] INFO:colcon.colcon_core.shell:Creating environment hook '/home/louis/Documents/Quadruped-Robot/quadruped_ws/install/quadruped_description/share/quadruped_description/hook/cmake_prefix_path.sh'
[3.824s] Level 1:colcon.colcon_core.environment:checking '/home/louis/Documents/Quadruped-Robot/quadruped_ws/install/quadruped_description/bin'
[3.824s] Level 1:colcon.colcon_core.environment:checking '/home/louis/Documents/Quadruped-Robot/quadruped_ws/install/quadruped_description/lib/pkgconfig/quadruped_description.pc'
[3.825s] Level 1:colcon.colcon_core.environment:checking '/home/louis/Documents/Quadruped-Robot/quadruped_ws/install/quadruped_description/lib/python3.10/site-packages'
[3.826s] Level 1:colcon.colcon_core.environment:checking '/home/louis/Documents/Quadruped-Robot/quadruped_ws/install/quadruped_description/bin'
[3.883s] INFO:colcon.colcon_core.shell:Creating package script '/home/louis/Documents/Quadruped-Robot/quadruped_ws/install/quadruped_description/share/quadruped_description/package.ps1'
[3.886s] INFO:colcon.colcon_core.shell:Creating package descriptor '/home/louis/Documents/Quadruped-Robot/quadruped_ws/install/quadruped_description/share/quadruped_description/package.dsv'
[3.888s] INFO:colcon.colcon_core.shell:Creating package script '/home/louis/Documents/Quadruped-Robot/quadruped_ws/install/quadruped_description/share/quadruped_description/package.sh'
[3.890s] INFO:colcon.colcon_core.shell:Creating package script '/home/louis/Documents/Quadruped-Robot/quadruped_ws/install/quadruped_description/share/quadruped_description/package.bash'
[3.893s] INFO:colcon.colcon_core.shell:Creating package script '/home/louis/Documents/Quadruped-Robot/quadruped_ws/install/quadruped_description/share/quadruped_description/package.zsh'
[3.895s] Level 1:colcon.colcon_core.environment:create_file_with_runtime_dependencies(/home/louis/Documents/Quadruped-Robot/quadruped_ws/install/quadruped_description/share/colcon-core/packages/quadruped_description)
[4.097s] Level 1:colcon.colcon_core.environment:create_environment_scripts_only(quadruped_description)
[4.150s] Level 1:colcon.colcon_core.environment:checking '/home/louis/Documents/Quadruped-Robot/quadruped_ws/install/quadruped_description' for CMake module files
[4.152s] Level 1:colcon.colcon_core.environment:checking '/home/louis/Documents/Quadruped-Robot/quadruped_ws/install/quadruped_description' for CMake config files
[4.153s] Level 1:colcon.colcon_core.shell:create_environment_hook('quadruped_description', 'cmake_prefix_path')
[4.214s] INFO:colcon.colcon_core.shell:Creating environment hook '/home/louis/Documents/Quadruped-Robot/quadruped_ws/install/quadruped_description/share/quadruped_description/hook/cmake_prefix_path.ps1'
[4.215s] INFO:colcon.colcon_core.shell:Creating environment descriptor '/home/louis/Documents/Quadruped-Robot/quadruped_ws/install/quadruped_description/share/quadruped_description/hook/cmake_prefix_path.dsv'
[4.216s] INFO:colcon.colcon_core.shell:Creating environment hook '/home/louis/Documents/Quadruped-Robot/quadruped_ws/install/quadruped_description/share/quadruped_description/hook/cmake_prefix_path.sh'
[4.218s] Level 1:colcon.colcon_core.environment:checking '/home/louis/Documents/Quadruped-Robot/quadruped_ws/install/quadruped_description/bin'
[4.219s] Level 1:colcon.colcon_core.environment:checking '/home/louis/Documents/Quadruped-Robot/quadruped_ws/install/quadruped_description/lib/pkgconfig/quadruped_description.pc'
[4.219s] Level 1:colcon.colcon_core.environment:checking '/home/louis/Documents/Quadruped-Robot/quadruped_ws/install/quadruped_description/lib/python3.10/site-packages'
[4.221s] Level 1:colcon.colcon_core.environment:checking '/home/louis/Documents/Quadruped-Robot/quadruped_ws/install/quadruped_description/bin'
[4.279s] INFO:colcon.colcon_core.shell:Creating package script '/home/louis/Documents/Quadruped-Robot/quadruped_ws/install/quadruped_description/share/quadruped_description/package.ps1'
[4.280s] INFO:colcon.colcon_core.shell:Creating package descriptor '/home/louis/Documents/Quadruped-Robot/quadruped_ws/install/quadruped_description/share/quadruped_description/package.dsv'
[4.281s] INFO:colcon.colcon_core.shell:Creating package script '/home/louis/Documents/Quadruped-Robot/quadruped_ws/install/quadruped_description/share/quadruped_description/package.sh'
[4.282s] INFO:colcon.colcon_core.shell:Creating package script '/home/louis/Documents/Quadruped-Robot/quadruped_ws/install/quadruped_description/share/quadruped_description/package.bash'
[4.283s] INFO:colcon.colcon_core.shell:Creating package script '/home/louis/Documents/Quadruped-Robot/quadruped_ws/install/quadruped_description/share/quadruped_description/package.zsh'
[4.284s] Level 1:colcon.colcon_core.environment:create_file_with_runtime_dependencies(/home/louis/Documents/Quadruped-Robot/quadruped_ws/install/quadruped_description/share/colcon-core/packages/quadruped_description)
[5.676s] DEBUG:colcon.colcon_core.event_handler.log_command:Invoked command in '/home/louis/Documents/Quadruped-Robot/quadruped_ws/build/gazebo_ros' returned '1': CMAKE_PREFIX_PATH=${CMAKE_PREFIX_PATH}:/opt/ros/iron /home/louis/.local/bin/cmake /home/louis/Documents/Quadruped-Robot/quadruped_ws/src/gazebo_ros -DCMAKE_INSTALL_PREFIX=/home/louis/Documents/Quadruped-Robot/quadruped_ws/install/gazebo_ros
[5.743s] Level 1:colcon.colcon_core.environment:create_environment_scripts_only(gazebo_ros)
[5.779s] Level 1:colcon.colcon_core.environment:checking '/home/louis/Documents/Quadruped-Robot/quadruped_ws/install/gazebo_ros' for CMake module files
[5.779s] Level 1:colcon.colcon_core.environment:checking '/home/louis/Documents/Quadruped-Robot/quadruped_ws/install/gazebo_ros' for CMake config files
[5.780s] Level 1:colcon.colcon_core.environment:checking '/home/louis/Documents/Quadruped-Robot/quadruped_ws/install/gazebo_ros/bin'
[5.780s] Level 1:colcon.colcon_core.environment:checking '/home/louis/Documents/Quadruped-Robot/quadruped_ws/install/gazebo_ros/lib/pkgconfig/gazebo_ros.pc'
[5.780s] Level 1:colcon.colcon_core.environment:checking '/home/louis/Documents/Quadruped-Robot/quadruped_ws/install/gazebo_ros/lib/python3.10/site-packages'
[5.781s] Level 1:colcon.colcon_core.environment:checking '/home/louis/Documents/Quadruped-Robot/quadruped_ws/install/gazebo_ros/bin'
[5.814s] INFO:colcon.colcon_core.shell:Creating package script '/home/louis/Documents/Quadruped-Robot/quadruped_ws/install/gazebo_ros/share/gazebo_ros/package.ps1'
[5.815s] INFO:colcon.colcon_core.shell:Creating package descriptor '/home/louis/Documents/Quadruped-Robot/quadruped_ws/install/gazebo_ros/share/gazebo_ros/package.dsv'
[5.815s] INFO:colcon.colcon_core.shell:Creating package script '/home/louis/Documents/Quadruped-Robot/quadruped_ws/install/gazebo_ros/share/gazebo_ros/package.sh'
[5.816s] INFO:colcon.colcon_core.shell:Creating package script '/home/louis/Documents/Quadruped-Robot/quadruped_ws/install/gazebo_ros/share/gazebo_ros/package.bash'
[5.816s] INFO:colcon.colcon_core.shell:Creating package script '/home/louis/Documents/Quadruped-Robot/quadruped_ws/install/gazebo_ros/share/gazebo_ros/package.zsh'
[5.817s] Level 1:colcon.colcon_core.environment:create_file_with_runtime_dependencies(/home/louis/Documents/Quadruped-Robot/quadruped_ws/install/gazebo_ros/share/colcon-core/packages/gazebo_ros)
[5.818s] DEBUG:colcon.colcon_parallel_executor.executor.parallel:closing loop
[5.818s] DEBUG:colcon.colcon_parallel_executor.executor.parallel:loop closed
[5.819s] DEBUG:colcon.colcon_parallel_executor.executor.parallel:run_until_complete finished with '1'
[5.819s] DEBUG:colcon.colcon_core.event_reactor:joining thread
[5.874s] INFO:colcon.colcon_core.plugin_system:Skipping extension 'colcon_notification.desktop_notification.terminal_notifier': Not used on non-Darwin systems
[5.875s] INFO:colcon.colcon_core.plugin_system:Skipping extension 'colcon_notification.desktop_notification.win32': Not used on non-Windows systems
[5.875s] INFO:colcon.colcon_notification.desktop_notification:Sending desktop notification using 'notify2'
[5.898s] DEBUG:colcon.colcon_core.event_reactor:joined thread
[5.947s] INFO:colcon.colcon_core.shell:Creating prefix script '/home/louis/Documents/Quadruped-Robot/quadruped_ws/install/local_setup.ps1'
[5.949s] INFO:colcon.colcon_core.shell:Creating prefix util module '/home/louis/Documents/Quadruped-Robot/quadruped_ws/install/_local_setup_util_ps1.py'
[5.952s] INFO:colcon.colcon_core.shell:Creating prefix chain script '/home/louis/Documents/Quadruped-Robot/quadruped_ws/install/setup.ps1'
[6.005s] INFO:colcon.colcon_core.shell:Creating prefix script '/home/louis/Documents/Quadruped-Robot/quadruped_ws/install/local_setup.sh'
[6.007s] INFO:colcon.colcon_core.shell:Creating prefix util module '/home/louis/Documents/Quadruped-Robot/quadruped_ws/install/_local_setup_util_sh.py'
[6.008s] INFO:colcon.colcon_core.shell:Creating prefix chain script '/home/louis/Documents/Quadruped-Robot/quadruped_ws/install/setup.sh'
[6.057s] INFO:colcon.colcon_core.shell:Creating prefix script '/home/louis/Documents/Quadruped-Robot/quadruped_ws/install/local_setup.bash'
[6.058s] INFO:colcon.colcon_core.shell:Creating prefix chain script '/home/louis/Documents/Quadruped-Robot/quadruped_ws/install/setup.bash'
[6.094s] INFO:colcon.colcon_core.shell:Creating prefix script '/home/louis/Documents/Quadruped-Robot/quadruped_ws/install/local_setup.zsh'
[6.095s] INFO:colcon.colcon_core.shell:Creating prefix chain script '/home/louis/Documents/Quadruped-Robot/quadruped_ws/install/setup.zsh'
